mode: set
github.com/CosmoLabs-org/cosmo-smoke/internal/detector/container.go:19.63,21.50 1 0
github.com/CosmoLabs-org/cosmo-smoke/internal/detector/container.go:21.50,23.3 1 0
github.com/CosmoLabs-org/cosmo-smoke/internal/detector/container.go:25.2,35.16 3 0
github.com/CosmoLabs-org/cosmo-smoke/internal/detector/container.go:35.16,38.3 1 0
github.com/CosmoLabs-org/cosmo-smoke/internal/detector/container.go:41.2,41.29 1 0
github.com/CosmoLabs-org/cosmo-smoke/internal/detector/container.go:41.29,53.3 1 0
github.com/CosmoLabs-org/cosmo-smoke/internal/detector/container.go:56.2,56.29 1 0
github.com/CosmoLabs-org/cosmo-smoke/internal/detector/container.go:56.29,57.28 1 0
github.com/CosmoLabs-org/cosmo-smoke/internal/detector/container.go:57.28,69.4 2 0
github.com/CosmoLabs-org/cosmo-smoke/internal/detector/container.go:73.2,83.17 3 0
github.com/CosmoLabs-org/cosmo-smoke/internal/detector/container.go:92.45,95.16 3 0
github.com/CosmoLabs-org/cosmo-smoke/internal/detector/container.go:95.16,97.3 1 0
github.com/CosmoLabs-org/cosmo-smoke/internal/detector/container.go:98.2,98.46 1 0
github.com/CosmoLabs-org/cosmo-smoke/internal/detector/container.go:98.46,100.3 1 0
github.com/CosmoLabs-org/cosmo-smoke/internal/detector/container.go:101.2,101.12 1 0
github.com/CosmoLabs-org/cosmo-smoke/internal/detector/container.go:104.62,107.16 2 0
github.com/CosmoLabs-org/cosmo-smoke/internal/detector/container.go:107.16,109.3 1 0
github.com/CosmoLabs-org/cosmo-smoke/internal/detector/container.go:110.2,110.16 1 0
github.com/CosmoLabs-org/cosmo-smoke/internal/detector/container.go:110.16,113.3 1 0
github.com/CosmoLabs-org/cosmo-smoke/internal/detector/container.go:114.2,114.19 1 0
github.com/CosmoLabs-org/cosmo-smoke/internal/detector/container.go:117.59,120.16 3 0
github.com/CosmoLabs-org/cosmo-smoke/internal/detector/container.go:120.16,122.3 1 0
github.com/CosmoLabs-org/cosmo-smoke/internal/detector/container.go:123.2,123.35 1 0
github.com/CosmoLabs-org/cosmo-smoke/internal/detector/container.go:126.64,129.16 3 0
github.com/CosmoLabs-org/cosmo-smoke/internal/detector/container.go:129.16,131.3 1 0
github.com/CosmoLabs-org/cosmo-smoke/internal/detector/container.go:132.2,132.40 1 0
github.com/CosmoLabs-org/cosmo-smoke/internal/detector/container.go:135.63,138.16 3 0
github.com/CosmoLabs-org/cosmo-smoke/internal/detector/container.go:138.16,140.3 1 0
github.com/CosmoLabs-org/cosmo-smoke/internal/detector/container.go:141.2,141.43 1 0
github.com/CosmoLabs-org/cosmo-smoke/internal/detector/container.go:146.55,151.21 4 1
github.com/CosmoLabs-org/cosmo-smoke/internal/detector/container.go:151.21,153.40 2 1
github.com/CosmoLabs-org/cosmo-smoke/internal/detector/container.go:153.40,154.12 1 1
github.com/CosmoLabs-org/cosmo-smoke/internal/detector/container.go:156.3,157.23 2 1
github.com/CosmoLabs-org/cosmo-smoke/internal/detector/container.go:157.23,159.21 2 1
github.com/CosmoLabs-org/cosmo-smoke/internal/detector/container.go:159.21,161.5 1 1
github.com/CosmoLabs-org/cosmo-smoke/internal/detector/container.go:162.4,162.66 1 1
github.com/CosmoLabs-org/cosmo-smoke/internal/detector/container.go:162.66,164.5 1 1
github.com/CosmoLabs-org/cosmo-smoke/internal/detector/container.go:167.2,167.19 1 1
github.com/CosmoLabs-org/cosmo-smoke/internal/detector/container.go:171.60,176.21 4 1
github.com/CosmoLabs-org/cosmo-smoke/internal/detector/container.go:176.21,178.40 2 1
github.com/CosmoLabs-org/cosmo-smoke/internal/detector/container.go:178.40,179.12 1 1
github.com/CosmoLabs-org/cosmo-smoke/internal/detector/container.go:181.3,182.23 2 1
github.com/CosmoLabs-org/cosmo-smoke/internal/detector/container.go:182.23,183.69 1 1
github.com/CosmoLabs-org/cosmo-smoke/internal/detector/container.go:183.69,185.5 1 1
github.com/CosmoLabs-org/cosmo-smoke/internal/detector/container.go:188.2,188.19 1 1
github.com/CosmoLabs-org/cosmo-smoke/internal/detector/container.go:193.63,198.21 4 1
github.com/CosmoLabs-org/cosmo-smoke/internal/detector/container.go:198.21,201.23 3 1
github.com/CosmoLabs-org/cosmo-smoke/internal/detector/container.go:201.23,202.69 1 1
github.com/CosmoLabs-org/cosmo-smoke/internal/detector/container.go:202.69,204.5 1 1
github.com/CosmoLabs-org/cosmo-smoke/internal/detector/container.go:207.2,207.19 1 1
github.com/CosmoLabs-org/cosmo-smoke/internal/detector/container.go:210.32,216.2 2 1
github.com/CosmoLabs-org/cosmo-smoke/internal/detector/detector.go:20.36,23.2 2 1
github.com/CosmoLabs-org/cosmo-smoke/internal/detector/detector.go:26.39,29.27 2 1
github.com/CosmoLabs-org/cosmo-smoke/internal/detector/detector.go:29.27,31.3 1 1
github.com/CosmoLabs-org/cosmo-smoke/internal/detector/detector.go:32.2,32.33 1 1
github.com/CosmoLabs-org/cosmo-smoke/internal/detector/detector.go:32.33,34.3 1 1
github.com/CosmoLabs-org/cosmo-smoke/internal/detector/detector.go:35.2,35.97 1 1
github.com/CosmoLabs-org/cosmo-smoke/internal/detector/detector.go:35.97,37.3 1 1
github.com/CosmoLabs-org/cosmo-smoke/internal/detector/detector.go:38.2,38.68 1 1
github.com/CosmoLabs-org/cosmo-smoke/internal/detector/detector.go:38.68,40.3 1 1
github.com/CosmoLabs-org/cosmo-smoke/internal/detector/detector.go:41.2,41.31 1 1
github.com/CosmoLabs-org/cosmo-smoke/internal/detector/detector.go:41.31,43.3 1 1
github.com/CosmoLabs-org/cosmo-smoke/internal/detector/detector.go:45.2,45.14 1 1
github.com/CosmoLabs-org/cosmo-smoke/internal/detector/detector.go:49.30,51.2 1 1
github.com/CosmoLabs-org/cosmo-smoke/internal/detector/templates.go:13.25,13.38 1 1
github.com/CosmoLabs-org/cosmo-smoke/internal/detector/templates.go:19.44,21.16 2 1
github.com/CosmoLabs-org/cosmo-smoke/internal/detector/templates.go:21.16,23.3 1 0
github.com/CosmoLabs-org/cosmo-smoke/internal/detector/templates.go:24.2,27.51 2 1
github.com/CosmoLabs-org/cosmo-smoke/internal/detector/templates.go:27.51,29.3 1 1
github.com/CosmoLabs-org/cosmo-smoke/internal/detector/templates.go:30.2,31.11 2 1
github.com/CosmoLabs-org/cosmo-smoke/internal/detector/templates.go:36.74,46.26 2 1
github.com/CosmoLabs-org/cosmo-smoke/internal/detector/templates.go:46.26,47.12 1 1
github.com/CosmoLabs-org/cosmo-smoke/internal/detector/templates.go:48.11,69.5 2 1
github.com/CosmoLabs-org/cosmo-smoke/internal/detector/templates.go:71.13,72.19 1 1
github.com/CosmoLabs-org/cosmo-smoke/internal/detector/templates.go:72.19,85.5 2 1
github.com/CosmoLabs-org/cosmo-smoke/internal/detector/templates.go:85.10,98.5 2 1
github.com/CosmoLabs-org/cosmo-smoke/internal/detector/templates.go:100.4,100.33 1 1
github.com/CosmoLabs-org/cosmo-smoke/internal/detector/templates.go:100.33,102.20 2 1
github.com/CosmoLabs-org/cosmo-smoke/internal/detector/templates.go:102.20,104.6 1 0
github.com/CosmoLabs-org/cosmo-smoke/internal/detector/templates.go:105.5,111.7 1 1
github.com/CosmoLabs-org/cosmo-smoke/internal/detector/templates.go:114.15,126.6 2 1
github.com/CosmoLabs-org/cosmo-smoke/internal/detector/templates.go:128.15,135.6 1 1
github.com/CosmoLabs-org/cosmo-smoke/internal/detector/templates.go:137.13,158.5 2 1
github.com/CosmoLabs-org/cosmo-smoke/internal/detector/templates.go:162.2,162.12 1 1
github.com/CosmoLabs-org/cosmo-smoke/internal/dashboard/handler.go:11.70,16.2 4 0
github.com/CosmoLabs-org/cosmo-smoke/internal/dashboard/handler.go:23.73,24.33 1 0
github.com/CosmoLabs-org/cosmo-smoke/internal/dashboard/handler.go:24.33,27.3 2 0
github.com/CosmoLabs-org/cosmo-smoke/internal/dashboard/handler.go:29.2,29.20 1 0
github.com/CosmoLabs-org/cosmo-smoke/internal/dashboard/handler.go:29.20,30.44 1 0
github.com/CosmoLabs-org/cosmo-smoke/internal/dashboard/handler.go:30.44,33.4 2 0
github.com/CosmoLabs-org/cosmo-smoke/internal/dashboard/handler.go:36.2,37.61 2 0
github.com/CosmoLabs-org/cosmo-smoke/internal/dashboard/handler.go:37.61,40.3 2 0
github.com/CosmoLabs-org/cosmo-smoke/internal/dashboard/handler.go:42.2,45.51 2 0
github.com/CosmoLabs-org/cosmo-smoke/internal/dashboard/handler.go:45.51,48.3 2 0
github.com/CosmoLabs-org/cosmo-smoke/internal/dashboard/handler.go:49.2,49.24 1 0
github.com/CosmoLabs-org/cosmo-smoke/internal/dashboard/handler.go:49.24,52.3 2 0
github.com/CosmoLabs-org/cosmo-smoke/internal/dashboard/handler.go:54.2,54.64 1 0
github.com/CosmoLabs-org/cosmo-smoke/internal/dashboard/handler.go:54.64,57.3 2 0
github.com/CosmoLabs-org/cosmo-smoke/internal/dashboard/handler.go:59.2,61.60 3 0
github.com/CosmoLabs-org/cosmo-smoke/internal/dashboard/handler.go:64.74,65.32 1 0
github.com/CosmoLabs-org/cosmo-smoke/internal/dashboard/handler.go:65.32,68.3 2 0
github.com/CosmoLabs-org/cosmo-smoke/internal/dashboard/handler.go:70.2,71.16 2 0
github.com/CosmoLabs-org/cosmo-smoke/internal/dashboard/handler.go:71.16,74.3 2 0
github.com/CosmoLabs-org/cosmo-smoke/internal/dashboard/handler.go:76.2,77.29 2 0
github.com/CosmoLabs-org/cosmo-smoke/internal/dashboard/handler.go:77.29,78.34 1 0
github.com/CosmoLabs-org/cosmo-smoke/internal/dashboard/handler.go:78.34,80.4 1 0
github.com/CosmoLabs-org/cosmo-smoke/internal/dashboard/handler.go:80.9,82.4 1 0
github.com/CosmoLabs-org/cosmo-smoke/internal/dashboard/handler.go:85.2,93.4 2 0
github.com/CosmoLabs-org/cosmo-smoke/internal/dashboard/handler.go:96.80,97.32 1 0
github.com/CosmoLabs-org/cosmo-smoke/internal/dashboard/handler.go:97.32,100.3 2 0
github.com/CosmoLabs-org/cosmo-smoke/internal/dashboard/handler.go:103.2,104.16 2 0
github.com/CosmoLabs-org/cosmo-smoke/internal/dashboard/handler.go:104.16,107.3 2 0
github.com/CosmoLabs-org/cosmo-smoke/internal/dashboard/handler.go:108.2,109.16 2 0
github.com/CosmoLabs-org/cosmo-smoke/internal/dashboard/handler.go:109.16,112.3 2 0
github.com/CosmoLabs-org/cosmo-smoke/internal/dashboard/handler.go:114.2,115.46 2 0
github.com/CosmoLabs-org/cosmo-smoke/internal/dashboard/handler.go:115.46,116.53 1 0
github.com/CosmoLabs-org/cosmo-smoke/internal/dashboard/handler.go:116.53,118.4 1 0
github.com/CosmoLabs-org/cosmo-smoke/internal/dashboard/handler.go:121.2,122.16 2 0
github.com/CosmoLabs-org/cosmo-smoke/internal/dashboard/handler.go:122.16,125.3 2 0
github.com/CosmoLabs-org/cosmo-smoke/internal/dashboard/handler.go:127.2,131.4 2 0
github.com/CosmoLabs-org/cosmo-smoke/internal/dashboard/static.go:13.38,16.2 2 0
github.com/CosmoLabs-org/cosmo-smoke/internal/dashboard/store.go:34.67,35.28 1 1
github.com/CosmoLabs-org/cosmo-smoke/internal/dashboard/store.go:35.28,37.3 1 0
github.com/CosmoLabs-org/cosmo-smoke/internal/dashboard/store.go:38.2,39.16 2 1
github.com/CosmoLabs-org/cosmo-smoke/internal/dashboard/store.go:39.16,41.3 1 0
github.com/CosmoLabs-org/cosmo-smoke/internal/dashboard/store.go:43.2,44.36 2 1
github.com/CosmoLabs-org/cosmo-smoke/internal/dashboard/store.go:44.36,47.3 2 0
github.com/CosmoLabs-org/cosmo-smoke/internal/dashboard/store.go:48.2,48.15 1 1
github.com/CosmoLabs-org/cosmo-smoke/internal/dashboard/store.go:51.33,69.2 2 1
github.com/CosmoLabs-org/cosmo-smoke/internal/dashboard/store.go:72.74,81.55 2 1
github.com/CosmoLabs-org/cosmo-smoke/internal/dashboard/store.go:81.55,83.3 1 1
github.com/CosmoLabs-org/cosmo-smoke/internal/dashboard/store.go:85.2,91.16 2 1
github.com/CosmoLabs-org/cosmo-smoke/internal/dashboard/store.go:91.16,93.3 1 0
github.com/CosmoLabs-org/cosmo-smoke/internal/dashboard/store.go:95.2,97.16 3 1
github.com/CosmoLabs-org/cosmo-smoke/internal/dashboard/store.go:112.56,123.16 2 1
github.com/CosmoLabs-org/cosmo-smoke/internal/dashboard/store.go:123.16,125.3 1 0
github.com/CosmoLabs-org/cosmo-smoke/internal/dashboard/store.go:126.2,130.18 4 1
github.com/CosmoLabs-org/cosmo-smoke/internal/dashboard/store.go:130.18,133.86 3 1
github.com/CosmoLabs-org/cosmo-smoke/internal/dashboard/store.go:133.86,135.4 1 0
github.com/CosmoLabs-org/cosmo-smoke/internal/dashboard/store.go:136.3,138.19 3 1
github.com/CosmoLabs-org/cosmo-smoke/internal/dashboard/store.go:138.19,140.4 1 1
github.com/CosmoLabs-org/cosmo-smoke/internal/dashboard/store.go:140.9,142.4 1 1
github.com/CosmoLabs-org/cosmo-smoke/internal/dashboard/store.go:143.3,143.33 1 1
github.com/CosmoLabs-org/cosmo-smoke/internal/dashboard/store.go:145.2,145.29 1 1
github.com/CosmoLabs-org/cosmo-smoke/internal/dashboard/store.go:149.83,150.16 1 1
github.com/CosmoLabs-org/cosmo-smoke/internal/dashboard/store.go:150.16,152.3 1 0
github.com/CosmoLabs-org/cosmo-smoke/internal/dashboard/store.go:153.2,159.16 2 1
github.com/CosmoLabs-org/cosmo-smoke/internal/dashboard/store.go:159.16,161.3 1 0
github.com/CosmoLabs-org/cosmo-smoke/internal/dashboard/store.go:162.2,165.18 3 1
github.com/CosmoLabs-org/cosmo-smoke/internal/dashboard/store.go:165.18,168.86 2 1
github.com/CosmoLabs-org/cosmo-smoke/internal/dashboard/store.go:168.86,170.4 1 0
github.com/CosmoLabs-org/cosmo-smoke/internal/dashboard/store.go:171.3,171.25 1 1
github.com/CosmoLabs-org/cosmo-smoke/internal/dashboard/store.go:173.2,173.25 1 1
github.com/CosmoLabs-org/cosmo-smoke/internal/dashboard/store.go:177.31,179.2 1 1
github.com/CosmoLabs-org/cosmo-smoke/internal/dashboard/store.go:181.46,189.2 1 1
github.com/CosmoLabs-org/cosmo-smoke/internal/migrate/goss/emitter.go:19.82,20.29 1 1
github.com/CosmoLabs-org/cosmo-smoke/internal/migrate/goss/emitter.go:20.29,21.21 1 1
github.com/CosmoLabs-org/cosmo-smoke/internal/migrate/goss/emitter.go:22.28,23.21 1 1
github.com/CosmoLabs-org/cosmo-smoke/internal/migrate/goss/emitter.go:24.20,25.13 1 0
github.com/CosmoLabs-org/cosmo-smoke/internal/migrate/goss/emitter.go:26.20,28.21 1 1
github.com/CosmoLabs-org/cosmo-smoke/internal/migrate/goss/emitter.go:31.2,31.41 1 1
github.com/CosmoLabs-org/cosmo-smoke/internal/migrate/goss/emitter.go:35.94,40.23 3 1
github.com/CosmoLabs-org/cosmo-smoke/internal/migrate/goss/emitter.go:40.23,42.3 1 1
github.com/CosmoLabs-org/cosmo-smoke/internal/migrate/goss/emitter.go:43.2,43.30 1 1
github.com/CosmoLabs-org/cosmo-smoke/internal/migrate/goss/emitter.go:43.30,45.3 1 0
github.com/CosmoLabs-org/cosmo-smoke/internal/migrate/goss/emitter.go:47.2,54.29 5 1
github.com/CosmoLabs-org/cosmo-smoke/internal/migrate/goss/emitter.go:54.29,56.3 1 1
github.com/CosmoLabs-org/cosmo-smoke/internal/migrate/goss/emitter.go:59.2,65.16 3 1
github.com/CosmoLabs-org/cosmo-smoke/internal/migrate/goss/emitter.go:65.16,67.3 1 0
github.com/CosmoLabs-org/cosmo-smoke/internal/migrate/goss/emitter.go:69.2,71.24 2 1
github.com/CosmoLabs-org/cosmo-smoke/internal/migrate/goss/emitter.go:75.54,83.23 6 1
github.com/CosmoLabs-org/cosmo-smoke/internal/migrate/goss/emitter.go:83.23,86.30 3 1
github.com/CosmoLabs-org/cosmo-smoke/internal/migrate/goss/emitter.go:86.30,88.4 1 1
github.com/CosmoLabs-org/cosmo-smoke/internal/migrate/goss/emitter.go:91.2,91.34 1 1
github.com/CosmoLabs-org/cosmo-smoke/internal/migrate/goss/parser.go:32.44,34.50 2 1
github.com/CosmoLabs-org/cosmo-smoke/internal/migrate/goss/parser.go:34.50,36.3 1 1
github.com/CosmoLabs-org/cosmo-smoke/internal/migrate/goss/parser.go:37.2,37.17 1 1
github.com/CosmoLabs-org/cosmo-smoke/internal/migrate/goss/translator.go:34.91,38.23 3 1
github.com/CosmoLabs-org/cosmo-smoke/internal/migrate/goss/translator.go:38.23,40.3 1 1
github.com/CosmoLabs-org/cosmo-smoke/internal/migrate/goss/translator.go:43.2,43.38 1 1
github.com/CosmoLabs-org/cosmo-smoke/internal/migrate/goss/translator.go:43.38,47.3 3 1
github.com/CosmoLabs-org/cosmo-smoke/internal/migrate/goss/translator.go:48.2,48.35 1 1
github.com/CosmoLabs-org/cosmo-smoke/internal/migrate/goss/translator.go:48.35,52.3 3 1
github.com/CosmoLabs-org/cosmo-smoke/internal/migrate/goss/translator.go:53.2,53.38 1 1
github.com/CosmoLabs-org/cosmo-smoke/internal/migrate/goss/translator.go:53.38,57.3 3 1
github.com/CosmoLabs-org/cosmo-smoke/internal/migrate/goss/translator.go:58.2,58.35 1 1
github.com/CosmoLabs-org/cosmo-smoke/internal/migrate/goss/translator.go:58.35,62.3 3 1
github.com/CosmoLabs-org/cosmo-smoke/internal/migrate/goss/translator.go:63.2,63.35 1 1
github.com/CosmoLabs-org/cosmo-smoke/internal/migrate/goss/translator.go:63.35,67.3 3 1
github.com/CosmoLabs-org/cosmo-smoke/internal/migrate/goss/translator.go:68.2,68.38 1 1
github.com/CosmoLabs-org/cosmo-smoke/internal/migrate/goss/translator.go:68.38,72.3 3 1
github.com/CosmoLabs-org/cosmo-smoke/internal/migrate/goss/translator.go:73.2,73.38 1 1
github.com/CosmoLabs-org/cosmo-smoke/internal/migrate/goss/translator.go:73.38,77.3 3 1
github.com/CosmoLabs-org/cosmo-smoke/internal/migrate/goss/translator.go:80.2,80.35 1 1
github.com/CosmoLabs-org/cosmo-smoke/internal/migrate/goss/translator.go:80.35,84.3 3 1
github.com/CosmoLabs-org/cosmo-smoke/internal/migrate/goss/translator.go:85.2,85.36 1 1
github.com/CosmoLabs-org/cosmo-smoke/internal/migrate/goss/translator.go:85.36,89.3 3 1
github.com/CosmoLabs-org/cosmo-smoke/internal/migrate/goss/translator.go:90.2,90.34 1 1
github.com/CosmoLabs-org/cosmo-smoke/internal/migrate/goss/translator.go:90.34,94.3 3 1
github.com/CosmoLabs-org/cosmo-smoke/internal/migrate/goss/translator.go:95.2,95.35 1 1
github.com/CosmoLabs-org/cosmo-smoke/internal/migrate/goss/translator.go:95.35,99.3 3 1
github.com/CosmoLabs-org/cosmo-smoke/internal/migrate/goss/translator.go:100.2,100.40 1 1
github.com/CosmoLabs-org/cosmo-smoke/internal/migrate/goss/translator.go:100.40,104.3 3 1
github.com/CosmoLabs-org/cosmo-smoke/internal/migrate/goss/translator.go:105.2,105.36 1 1
github.com/CosmoLabs-org/cosmo-smoke/internal/migrate/goss/translator.go:105.36,109.3 3 1
github.com/CosmoLabs-org/cosmo-smoke/internal/migrate/goss/translator.go:110.2,110.42 1 1
github.com/CosmoLabs-org/cosmo-smoke/internal/migrate/goss/translator.go:110.42,114.3 3 1
github.com/CosmoLabs-org/cosmo-smoke/internal/migrate/goss/translator.go:116.2,116.24 1 1
github.com/CosmoLabs-org/cosmo-smoke/internal/migrate/goss/translator.go:119.25,119.38 1 1
github.com/CosmoLabs-org/cosmo-smoke/internal/migrate/goss/translator.go:121.57,122.25 1 1
github.com/CosmoLabs-org/cosmo-smoke/internal/migrate/goss/translator.go:122.25,123.28 1 1
github.com/CosmoLabs-org/cosmo-smoke/internal/migrate/goss/translator.go:123.28,125.4 1 1
github.com/CosmoLabs-org/cosmo-smoke/internal/migrate/goss/translator.go:127.2,127.14 1 1
github.com/CosmoLabs-org/cosmo-smoke/internal/migrate/goss/translator.go:130.61,131.25 1 1
github.com/CosmoLabs-org/cosmo-smoke/internal/migrate/goss/translator.go:131.25,132.30 1 1
github.com/CosmoLabs-org/cosmo-smoke/internal/migrate/goss/translator.go:132.30,134.4 1 1
github.com/CosmoLabs-org/cosmo-smoke/internal/migrate/goss/translator.go:136.2,136.11 1 1
github.com/CosmoLabs-org/cosmo-smoke/internal/migrate/goss/translator.go:139.55,140.25 1 1
github.com/CosmoLabs-org/cosmo-smoke/internal/migrate/goss/translator.go:140.25,141.24 1 1
github.com/CosmoLabs-org/cosmo-smoke/internal/migrate/goss/translator.go:142.12,143.12 1 1
github.com/CosmoLabs-org/cosmo-smoke/internal/migrate/goss/translator.go:144.16,145.17 1 0
github.com/CosmoLabs-org/cosmo-smoke/internal/migrate/goss/translator.go:146.15,147.45 1 0
github.com/CosmoLabs-org/cosmo-smoke/internal/migrate/goss/translator.go:147.45,149.5 1 0
github.com/CosmoLabs-org/cosmo-smoke/internal/migrate/goss/translator.go:152.2,152.10 1 0
github.com/CosmoLabs-org/cosmo-smoke/internal/migrate/goss/translator.go:155.65,156.25 1 1
github.com/CosmoLabs-org/cosmo-smoke/internal/migrate/goss/translator.go:156.25,157.24 1 1
github.com/CosmoLabs-org/cosmo-smoke/internal/migrate/goss/translator.go:158.17,159.12 1 0
github.com/CosmoLabs-org/cosmo-smoke/internal/migrate/goss/translator.go:160.22,162.27 2 1
github.com/CosmoLabs-org/cosmo-smoke/internal/migrate/goss/translator.go:162.27,163.37 1 1
github.com/CosmoLabs-org/cosmo-smoke/internal/migrate/goss/translator.go:163.37,165.6 1 1
github.com/CosmoLabs-org/cosmo-smoke/internal/migrate/goss/translator.go:167.4,167.17 1 1
github.com/CosmoLabs-org/cosmo-smoke/internal/migrate/goss/translator.go:170.2,170.12 1 1
github.com/CosmoLabs-org/cosmo-smoke/internal/migrate/goss/translator.go:174.47,175.16 1 1
github.com/CosmoLabs-org/cosmo-smoke/internal/migrate/goss/translator.go:176.13,177.40 1 1
github.com/CosmoLabs-org/cosmo-smoke/internal/migrate/goss/translator.go:178.13,179.45 1 1
github.com/CosmoLabs-org/cosmo-smoke/internal/migrate/goss/translator.go:180.10,181.52 1 1
github.com/CosmoLabs-org/cosmo-smoke/internal/migrate/goss/translator.go:185.91,186.32 1 1
github.com/CosmoLabs-org/cosmo-smoke/internal/migrate/goss/translator.go:186.32,188.3 1 0
github.com/CosmoLabs-org/cosmo-smoke/internal/migrate/goss/translator.go:189.2,198.8 1 1
github.com/CosmoLabs-org/cosmo-smoke/internal/migrate/goss/translator.go:201.88,202.34 1 1
github.com/CosmoLabs-org/cosmo-smoke/internal/migrate/goss/translator.go:202.34,204.3 1 0
github.com/CosmoLabs-org/cosmo-smoke/internal/migrate/goss/translator.go:207.2,208.20 2 1
github.com/CosmoLabs-org/cosmo-smoke/internal/migrate/goss/translator.go:208.20,215.3 1 0
github.com/CosmoLabs-org/cosmo-smoke/internal/migrate/goss/translator.go:217.2,219.16 3 1
github.com/CosmoLabs-org/cosmo-smoke/internal/migrate/goss/translator.go:219.16,226.3 1 0
github.com/CosmoLabs-org/cosmo-smoke/internal/migrate/goss/translator.go:228.2,229.21 2 1
github.com/CosmoLabs-org/cosmo-smoke/internal/migrate/goss/translator.go:229.21,231.3 1 1
github.com/CosmoLabs-org/cosmo-smoke/internal/migrate/goss/translator.go:233.2,233.55 1 1
github.com/CosmoLabs-org/cosmo-smoke/internal/migrate/goss/translator.go:233.55,235.3 1 1
github.com/CosmoLabs-org/cosmo-smoke/internal/migrate/goss/translator.go:237.2,250.8 1 1
github.com/CosmoLabs-org/cosmo-smoke/internal/migrate/goss/translator.go:253.91,255.93 2 1
github.com/CosmoLabs-org/cosmo-smoke/internal/migrate/goss/translator.go:255.93,257.3 1 1
github.com/CosmoLabs-org/cosmo-smoke/internal/migrate/goss/translator.go:259.2,260.21 2 1
github.com/CosmoLabs-org/cosmo-smoke/internal/migrate/goss/translator.go:260.21,262.3 1 1
github.com/CosmoLabs-org/cosmo-smoke/internal/migrate/goss/translator.go:264.2,265.21 2 1
github.com/CosmoLabs-org/cosmo-smoke/internal/migrate/goss/translator.go:265.21,267.3 1 0
github.com/CosmoLabs-org/cosmo-smoke/internal/migrate/goss/translator.go:269.2,270.40 2 1
github.com/CosmoLabs-org/cosmo-smoke/internal/migrate/goss/translator.go:270.40,277.3 1 0
github.com/CosmoLabs-org/cosmo-smoke/internal/migrate/goss/translator.go:279.2,285.13 1 1
github.com/CosmoLabs-org/cosmo-smoke/internal/migrate/goss/translator.go:288.56,291.2 2 1
github.com/CosmoLabs-org/cosmo-smoke/internal/migrate/goss/translator.go:293.88,297.30 3 1
github.com/CosmoLabs-org/cosmo-smoke/internal/migrate/goss/translator.go:297.30,306.3 1 1
github.com/CosmoLabs-org/cosmo-smoke/internal/migrate/goss/translator.go:309.2,310.27 2 1
github.com/CosmoLabs-org/cosmo-smoke/internal/migrate/goss/translator.go:310.27,312.3 1 1
github.com/CosmoLabs-org/cosmo-smoke/internal/migrate/goss/translator.go:313.2,313.28 1 1
github.com/CosmoLabs-org/cosmo-smoke/internal/migrate/goss/translator.go:313.28,315.3 1 1
github.com/CosmoLabs-org/cosmo-smoke/internal/migrate/goss/translator.go:316.2,316.28 1 1
github.com/CosmoLabs-org/cosmo-smoke/internal/migrate/goss/translator.go:316.28,318.3 1 0
github.com/CosmoLabs-org/cosmo-smoke/internal/migrate/goss/translator.go:319.2,319.31 1 1
github.com/CosmoLabs-org/cosmo-smoke/internal/migrate/goss/translator.go:319.31,321.3 1 0
github.com/CosmoLabs-org/cosmo-smoke/internal/migrate/goss/translator.go:322.2,322.31 1 1
github.com/CosmoLabs-org/cosmo-smoke/internal/migrate/goss/translator.go:322.31,324.3 1 0
github.com/CosmoLabs-org/cosmo-smoke/internal/migrate/goss/translator.go:325.2,325.31 1 1
github.com/CosmoLabs-org/cosmo-smoke/internal/migrate/goss/translator.go:325.31,327.3 1 0
github.com/CosmoLabs-org/cosmo-smoke/internal/migrate/goss/translator.go:328.2,328.27 1 1
github.com/CosmoLabs-org/cosmo-smoke/internal/migrate/goss/translator.go:328.27,330.3 1 0
github.com/CosmoLabs-org/cosmo-smoke/internal/migrate/goss/translator.go:332.2,332.23 1 1
github.com/CosmoLabs-org/cosmo-smoke/internal/migrate/goss/translator.go:332.23,339.3 1 1
github.com/CosmoLabs-org/cosmo-smoke/internal/migrate/goss/translator.go:341.2,341.24 1 1
github.com/CosmoLabs-org/cosmo-smoke/internal/migrate/goss/translator.go:344.88,349.52 2 1
github.com/CosmoLabs-org/cosmo-smoke/internal/migrate/goss/translator.go:349.52,351.3 1 1
github.com/CosmoLabs-org/cosmo-smoke/internal/migrate/goss/translator.go:353.2,354.19 2 1
github.com/CosmoLabs-org/cosmo-smoke/internal/migrate/goss/translator.go:354.19,356.3 1 1
github.com/CosmoLabs-org/cosmo-smoke/internal/migrate/goss/translator.go:358.2,362.19 4 1
github.com/CosmoLabs-org/cosmo-smoke/internal/migrate/goss/translator.go:362.19,369.3 1 0
github.com/CosmoLabs-org/cosmo-smoke/internal/migrate/goss/translator.go:371.2,381.13 2 1
github.com/CosmoLabs-org/cosmo-smoke/internal/migrate/goss/translator.go:384.106,385.34 1 1
github.com/CosmoLabs-org/cosmo-smoke/internal/migrate/goss/translator.go:385.34,387.3 1 1
github.com/CosmoLabs-org/cosmo-smoke/internal/migrate/goss/translator.go:389.2,392.59 3 1
github.com/CosmoLabs-org/cosmo-smoke/internal/migrate/goss/translator.go:392.59,399.3 1 0
github.com/CosmoLabs-org/cosmo-smoke/internal/migrate/goss/translator.go:401.2,409.13 1 1
github.com/CosmoLabs-org/cosmo-smoke/internal/migrate/goss/translator.go:412.91,416.31 3 1
github.com/CosmoLabs-org/cosmo-smoke/internal/migrate/goss/translator.go:416.31,431.3 2 1
github.com/CosmoLabs-org/cosmo-smoke/internal/migrate/goss/translator.go:433.2,433.31 1 1
github.com/CosmoLabs-org/cosmo-smoke/internal/migrate/goss/translator.go:433.31,442.3 1 1
github.com/CosmoLabs-org/cosmo-smoke/internal/migrate/goss/translator.go:444.2,444.24 1 1
github.com/CosmoLabs-org/cosmo-smoke/internal/migrate/goss/translator.go:449.88,450.31 1 1
github.com/CosmoLabs-org/cosmo-smoke/internal/migrate/goss/translator.go:450.31,452.3 1 0
github.com/CosmoLabs-org/cosmo-smoke/internal/migrate/goss/translator.go:453.2,466.4 1 1
github.com/CosmoLabs-org/cosmo-smoke/internal/migrate/goss/translator.go:469.89,470.31 1 1
github.com/CosmoLabs-org/cosmo-smoke/internal/migrate/goss/translator.go:470.31,472.3 1 0
github.com/CosmoLabs-org/cosmo-smoke/internal/migrate/goss/translator.go:473.2,486.4 1 1
github.com/CosmoLabs-org/cosmo-smoke/internal/migrate/goss/translator.go:489.87,490.35 1 1
github.com/CosmoLabs-org/cosmo-smoke/internal/migrate/goss/translator.go:490.35,492.3 1 0
github.com/CosmoLabs-org/cosmo-smoke/internal/migrate/goss/translator.go:493.2,506.4 1 1
github.com/CosmoLabs-org/cosmo-smoke/internal/migrate/goss/translator.go:509.88,510.34 1 1
github.com/CosmoLabs-org/cosmo-smoke/internal/migrate/goss/translator.go:510.34,512.3 1 0
github.com/CosmoLabs-org/cosmo-smoke/internal/migrate/goss/translator.go:515.2,522.50 6 1
github.com/CosmoLabs-org/cosmo-smoke/internal/migrate/goss/translator.go:522.50,524.55 2 1
github.com/CosmoLabs-org/cosmo-smoke/internal/migrate/goss/translator.go:524.55,526.4 1 1
github.com/CosmoLabs-org/cosmo-smoke/internal/migrate/goss/translator.go:529.2,529.14 1 1
github.com/CosmoLabs-org/cosmo-smoke/internal/migrate/goss/translator.go:529.14,542.3 1 1
github.com/CosmoLabs-org/cosmo-smoke/internal/migrate/goss/translator.go:545.2,559.4 2 0
github.com/CosmoLabs-org/cosmo-smoke/internal/migrate/goss/translator.go:562.93,563.31 1 1
github.com/CosmoLabs-org/cosmo-smoke/internal/migrate/goss/translator.go:563.31,565.3 1 0
github.com/CosmoLabs-org/cosmo-smoke/internal/migrate/goss/translator.go:566.2,579.4 1 1
github.com/CosmoLabs-org/cosmo-smoke/internal/migrate/goss/translator.go:582.89,583.31 1 1
github.com/CosmoLabs-org/cosmo-smoke/internal/migrate/goss/translator.go:583.31,585.3 1 0
github.com/CosmoLabs-org/cosmo-smoke/internal/migrate/goss/translator.go:586.2,599.4 1 1
github.com/CosmoLabs-org/cosmo-smoke/internal/migrate/goss/translator.go:602.95,604.17 2 1
github.com/CosmoLabs-org/cosmo-smoke/internal/migrate/goss/translator.go:604.17,606.3 1 0
github.com/CosmoLabs-org/cosmo-smoke/internal/migrate/goss/translator.go:607.2,621.4 1 1
github.com/CosmoLabs-org/cosmo-smoke/internal/monorepo/discover.go:24.67,26.28 2 1
github.com/CosmoLabs-org/cosmo-smoke/internal/monorepo/discover.go:26.28,28.3 1 1
github.com/CosmoLabs-org/cosmo-smoke/internal/monorepo/discover.go:30.2,31.82 2 1
github.com/CosmoLabs-org/cosmo-smoke/internal/monorepo/discover.go:31.82,32.17 1 1
github.com/CosmoLabs-org/cosmo-smoke/internal/monorepo/discover.go:32.17,34.4 1 0
github.com/CosmoLabs-org/cosmo-smoke/internal/monorepo/discover.go:35.3,35.17 1 1
github.com/CosmoLabs-org/cosmo-smoke/internal/monorepo/discover.go:35.17,37.4 1 1
github.com/CosmoLabs-org/cosmo-smoke/internal/monorepo/discover.go:38.3,41.28 2 1
github.com/CosmoLabs-org/cosmo-smoke/internal/monorepo/discover.go:41.28,43.4 1 1
github.com/CosmoLabs-org/cosmo-smoke/internal/monorepo/discover.go:45.3,46.38 2 1
github.com/CosmoLabs-org/cosmo-smoke/internal/monorepo/discover.go:46.38,48.4 1 1
github.com/CosmoLabs-org/cosmo-smoke/internal/monorepo/discover.go:50.3,50.19 1 1
github.com/CosmoLabs-org/cosmo-smoke/internal/monorepo/discover.go:50.19,52.4 1 1
github.com/CosmoLabs-org/cosmo-smoke/internal/monorepo/discover.go:54.3,55.48 2 1
github.com/CosmoLabs-org/cosmo-smoke/internal/monorepo/discover.go:55.48,61.4 1 1
github.com/CosmoLabs-org/cosmo-smoke/internal/monorepo/discover.go:62.3,62.13 1 1
github.com/CosmoLabs-org/cosmo-smoke/internal/monorepo/discover.go:64.2,64.21 1 1
github.com/CosmoLabs-org/cosmo-smoke/internal/reporter/chain.go:16.64,16.89 1 1
github.com/CosmoLabs-org/cosmo-smoke/internal/reporter/chain.go:17.66,17.87 1 1
github.com/CosmoLabs-org/cosmo-smoke/internal/reporter/chain.go:18.63,18.85 1 1
github.com/CosmoLabs-org/cosmo-smoke/internal/reporter/chain.go:19.61,19.81 1 1
github.com/CosmoLabs-org/cosmo-smoke/internal/reporter/chain.go:20.66,20.93 1 1
github.com/CosmoLabs-org/cosmo-smoke/internal/reporter/chain.go:28.76,30.21 2 1
github.com/CosmoLabs-org/cosmo-smoke/internal/reporter/chain.go:30.21,32.3 1 1
github.com/CosmoLabs-org/cosmo-smoke/internal/reporter/chain.go:34.2,34.26 1 1
github.com/CosmoLabs-org/cosmo-smoke/internal/reporter/chain.go:34.26,35.31 1 1
github.com/CosmoLabs-org/cosmo-smoke/internal/reporter/chain.go:35.31,37.4 1 1
github.com/CosmoLabs-org/cosmo-smoke/internal/reporter/chain.go:40.2,43.29 3 1
github.com/CosmoLabs-org/cosmo-smoke/internal/reporter/chain.go:43.29,46.13 3 1
github.com/CosmoLabs-org/cosmo-smoke/internal/reporter/chain.go:46.13,48.4 1 1
github.com/CosmoLabs-org/cosmo-smoke/internal/reporter/chain.go:48.9,50.18 2 1
github.com/CosmoLabs-org/cosmo-smoke/internal/reporter/chain.go:50.18,51.44 1 0
github.com/CosmoLabs-org/cosmo-smoke/internal/reporter/chain.go:51.44,53.6 1 0
github.com/CosmoLabs-org/cosmo-smoke/internal/reporter/chain.go:54.5,54.72 1 0
github.com/CosmoLabs-org/cosmo-smoke/internal/reporter/chain.go:56.4,57.9 2 1
github.com/CosmoLabs-org/cosmo-smoke/internal/reporter/chain.go:59.3,59.50 1 1
github.com/CosmoLabs-org/cosmo-smoke/internal/reporter/chain.go:62.2,62.25 1 1
github.com/CosmoLabs-org/cosmo-smoke/internal/reporter/chain.go:62.25,64.3 1 1
github.com/CosmoLabs-org/cosmo-smoke/internal/reporter/chain.go:65.2,65.53 1 1
github.com/CosmoLabs-org/cosmo-smoke/internal/reporter/chain.go:68.43,72.26 4 1
github.com/CosmoLabs-org/cosmo-smoke/internal/reporter/chain.go:72.26,74.31 2 1
github.com/CosmoLabs-org/cosmo-smoke/internal/reporter/chain.go:74.31,75.12 1 1
github.com/CosmoLabs-org/cosmo-smoke/internal/reporter/chain.go:77.3,78.30 2 1
github.com/CosmoLabs-org/cosmo-smoke/internal/reporter/chain.go:80.2,80.14 1 1
github.com/CosmoLabs-org/cosmo-smoke/internal/reporter/json.go:16.33,18.2 1 1
github.com/CosmoLabs-org/cosmo-smoke/internal/reporter/json.go:20.39,20.40 0 1
github.com/CosmoLabs-org/cosmo-smoke/internal/reporter/json.go:22.49,24.2 1 1
github.com/CosmoLabs-org/cosmo-smoke/internal/reporter/json.go:26.37,26.38 0 1
github.com/CosmoLabs-org/cosmo-smoke/internal/reporter/json.go:28.45,30.2 1 1
github.com/CosmoLabs-org/cosmo-smoke/internal/reporter/json.go:62.43,73.30 2 1
github.com/CosmoLabs-org/cosmo-smoke/internal/reporter/json.go:73.30,80.21 2 1
github.com/CosmoLabs-org/cosmo-smoke/internal/reporter/json.go:80.21,82.4 1 0
github.com/CosmoLabs-org/cosmo-smoke/internal/reporter/json.go:83.3,83.52 1 1
github.com/CosmoLabs-org/cosmo-smoke/internal/reporter/json.go:86.2,86.28 1 1
github.com/CosmoLabs-org/cosmo-smoke/internal/reporter/json.go:86.28,95.21 2 1
github.com/CosmoLabs-org/cosmo-smoke/internal/reporter/json.go:95.21,97.4 1 1
github.com/CosmoLabs-org/cosmo-smoke/internal/reporter/json.go:98.3,98.36 1 1
github.com/CosmoLabs-org/cosmo-smoke/internal/reporter/json.go:101.2,103.17 3 1
github.com/CosmoLabs-org/cosmo-smoke/internal/reporter/junit.go:17.35,19.2 1 1
github.com/CosmoLabs-org/cosmo-smoke/internal/reporter/junit.go:21.40,21.41 0 1
github.com/CosmoLabs-org/cosmo-smoke/internal/reporter/junit.go:23.51,23.52 0 1
github.com/CosmoLabs-org/cosmo-smoke/internal/reporter/junit.go:25.38,25.39 0 1
github.com/CosmoLabs-org/cosmo-smoke/internal/reporter/junit.go:27.46,29.2 1 1
github.com/CosmoLabs-org/cosmo-smoke/internal/reporter/junit.go:64.38,66.2 1 1
github.com/CosmoLabs-org/cosmo-smoke/internal/reporter/junit.go:68.44,79.28 3 1
github.com/CosmoLabs-org/cosmo-smoke/internal/reporter/junit.go:79.28,85.36 2 1
github.com/CosmoLabs-org/cosmo-smoke/internal/reporter/junit.go:85.36,87.4 1 1
github.com/CosmoLabs-org/cosmo-smoke/internal/reporter/junit.go:87.9,87.23 1 1
github.com/CosmoLabs-org/cosmo-smoke/internal/reporter/junit.go:87.23,90.35 2 1
github.com/CosmoLabs-org/cosmo-smoke/internal/reporter/junit.go:90.35,91.18 1 1
github.com/CosmoLabs-org/cosmo-smoke/internal/reporter/junit.go:91.18,93.6 1 1
github.com/CosmoLabs-org/cosmo-smoke/internal/reporter/junit.go:95.4,95.22 1 1
github.com/CosmoLabs-org/cosmo-smoke/internal/reporter/junit.go:95.22,97.5 1 1
github.com/CosmoLabs-org/cosmo-smoke/internal/reporter/junit.go:99.4,100.21 2 1
github.com/CosmoLabs-org/cosmo-smoke/internal/reporter/junit.go:100.21,102.5 1 0
github.com/CosmoLabs-org/cosmo-smoke/internal/reporter/junit.go:105.4,106.35 2 1
github.com/CosmoLabs-org/cosmo-smoke/internal/reporter/junit.go:106.35,107.18 1 1
github.com/CosmoLabs-org/cosmo-smoke/internal/reporter/junit.go:107.18,109.6 1 1
github.com/CosmoLabs-org/cosmo-smoke/internal/reporter/junit.go:111.4,116.5 2 1
github.com/CosmoLabs-org/cosmo-smoke/internal/reporter/junit.go:119.3,119.40 1 1
github.com/CosmoLabs-org/cosmo-smoke/internal/reporter/junit.go:122.2,133.18 5 1
github.com/CosmoLabs-org/cosmo-smoke/internal/reporter/multi.go:9.61,11.2 1 1
github.com/CosmoLabs-org/cosmo-smoke/internal/reporter/multi.go:13.50,14.32 1 0
github.com/CosmoLabs-org/cosmo-smoke/internal/reporter/multi.go:14.32,16.3 1 0
github.com/CosmoLabs-org/cosmo-smoke/internal/reporter/multi.go:19.58,20.34 1 0
github.com/CosmoLabs-org/cosmo-smoke/internal/reporter/multi.go:20.34,22.3 1 0
github.com/CosmoLabs-org/cosmo-smoke/internal/reporter/multi.go:25.48,26.32 1 0
github.com/CosmoLabs-org/cosmo-smoke/internal/reporter/multi.go:26.32,28.3 1 0
github.com/CosmoLabs-org/cosmo-smoke/internal/reporter/multi.go:31.54,32.34 1 0
github.com/CosmoLabs-org/cosmo-smoke/internal/reporter/multi.go:32.34,34.3 1 0
github.com/CosmoLabs-org/cosmo-smoke/internal/reporter/multi.go:37.52,38.32 1 0
github.com/CosmoLabs-org/cosmo-smoke/internal/reporter/multi.go:38.32,40.3 1 0
github.com/CosmoLabs-org/cosmo-smoke/internal/reporter/otel.go:26.89,36.2 3 1
github.com/CosmoLabs-org/cosmo-smoke/internal/reporter/otel.go:38.59,38.60 0 0
github.com/CosmoLabs-org/cosmo-smoke/internal/reporter/otel.go:39.58,39.59 0 0
github.com/CosmoLabs-org/cosmo-smoke/internal/reporter/otel.go:41.45,41.46 0 0
github.com/CosmoLabs-org/cosmo-smoke/internal/reporter/otel.go:43.53,46.15 3 1
github.com/CosmoLabs-org/cosmo-smoke/internal/reporter/otel.go:46.15,48.3 1 0
github.com/CosmoLabs-org/cosmo-smoke/internal/reporter/otel.go:48.8,48.29 1 1
github.com/CosmoLabs-org/cosmo-smoke/internal/reporter/otel.go:48.29,50.3 1 0
github.com/CosmoLabs-org/cosmo-smoke/internal/reporter/otel.go:50.8,50.22 1 1
github.com/CosmoLabs-org/cosmo-smoke/internal/reporter/otel.go:50.22,52.3 1 0
github.com/CosmoLabs-org/cosmo-smoke/internal/reporter/otel.go:54.2,59.33 2 1
github.com/CosmoLabs-org/cosmo-smoke/internal/reporter/otel.go:59.33,64.3 1 1
github.com/CosmoLabs-org/cosmo-smoke/internal/reporter/otel.go:66.2,76.55 2 1
github.com/CosmoLabs-org/cosmo-smoke/internal/reporter/otel.go:79.51,82.18 3 1
github.com/CosmoLabs-org/cosmo-smoke/internal/reporter/otel.go:82.18,84.3 1 1
github.com/CosmoLabs-org/cosmo-smoke/internal/reporter/otel.go:86.2,104.55 3 1
github.com/CosmoLabs-org/cosmo-smoke/internal/reporter/otel.go:107.44,114.2 6 1
github.com/CosmoLabs-org/cosmo-smoke/internal/reporter/otel.go:116.47,118.16 2 1
github.com/CosmoLabs-org/cosmo-smoke/internal/reporter/otel.go:118.16,120.3 1 0
github.com/CosmoLabs-org/cosmo-smoke/internal/reporter/otel.go:121.2,122.30 2 1
github.com/CosmoLabs-org/cosmo-smoke/internal/reporter/otel.go:122.30,124.3 1 1
github.com/CosmoLabs-org/cosmo-smoke/internal/reporter/otel.go:125.2,125.18 1 1
github.com/CosmoLabs-org/cosmo-smoke/internal/reporter/otel.go:153.59,170.2 3 1
github.com/CosmoLabs-org/cosmo-smoke/internal/reporter/otel.go:172.35,173.8 1 1
github.com/CosmoLabs-org/cosmo-smoke/internal/reporter/otel.go:173.8,175.3 1 1
github.com/CosmoLabs-org/cosmo-smoke/internal/reporter/otel.go:176.2,176.12 1 1
github.com/CosmoLabs-org/cosmo-smoke/internal/reporter/prometheus.go:13.37,15.2 1 1
github.com/CosmoLabs-org/cosmo-smoke/internal/reporter/prometheus.go:26.45,28.2 1 1
github.com/CosmoLabs-org/cosmo-smoke/internal/reporter/prometheus.go:30.45,30.46 0 0
github.com/CosmoLabs-org/cosmo-smoke/internal/reporter/prometheus.go:32.56,32.57 0 0
github.com/CosmoLabs-org/cosmo-smoke/internal/reporter/prometheus.go:34.43,34.44 0 1
github.com/CosmoLabs-org/cosmo-smoke/internal/reporter/prometheus.go:36.51,38.2 1 1
github.com/CosmoLabs-org/cosmo-smoke/internal/reporter/prometheus.go:40.49,70.23 22 1
github.com/CosmoLabs-org/cosmo-smoke/internal/reporter/prometheus.go:70.23,72.3 1 1
github.com/CosmoLabs-org/cosmo-smoke/internal/reporter/prometheus.go:76.2,79.28 4 1
github.com/CosmoLabs-org/cosmo-smoke/internal/reporter/prometheus.go:79.28,81.15 2 1
github.com/CosmoLabs-org/cosmo-smoke/internal/reporter/prometheus.go:81.15,83.4 1 1
github.com/CosmoLabs-org/cosmo-smoke/internal/reporter/prometheus.go:84.3,85.23 2 1
github.com/CosmoLabs-org/cosmo-smoke/internal/reporter/prometheus.go:85.23,87.4 1 1
github.com/CosmoLabs-org/cosmo-smoke/internal/reporter/prometheus.go:88.3,89.46 1 1
github.com/CosmoLabs-org/cosmo-smoke/internal/reporter/prometheus.go:94.2,97.28 4 1
github.com/CosmoLabs-org/cosmo-smoke/internal/reporter/prometheus.go:97.28,100.3 1 1
github.com/CosmoLabs-org/cosmo-smoke/internal/reporter/push.go:21.61,27.2 1 1
github.com/CosmoLabs-org/cosmo-smoke/internal/reporter/push.go:29.47,29.48 0 0
github.com/CosmoLabs-org/cosmo-smoke/internal/reporter/push.go:31.57,33.2 1 1
github.com/CosmoLabs-org/cosmo-smoke/internal/reporter/push.go:35.45,35.46 0 0
github.com/CosmoLabs-org/cosmo-smoke/internal/reporter/push.go:37.53,39.2 1 1
github.com/CosmoLabs-org/cosmo-smoke/internal/reporter/push.go:41.51,52.31 2 1
github.com/CosmoLabs-org/cosmo-smoke/internal/reporter/push.go:52.31,59.22 2 1
github.com/CosmoLabs-org/cosmo-smoke/internal/reporter/push.go:59.22,61.4 1 0
github.com/CosmoLabs-org/cosmo-smoke/internal/reporter/push.go:62.3,62.52 1 1
github.com/CosmoLabs-org/cosmo-smoke/internal/reporter/push.go:65.2,65.28 1 1
github.com/CosmoLabs-org/cosmo-smoke/internal/reporter/push.go:65.28,74.21 2 1
github.com/CosmoLabs-org/cosmo-smoke/internal/reporter/push.go:74.21,76.4 1 1
github.com/CosmoLabs-org/cosmo-smoke/internal/reporter/push.go:77.3,77.36 1 1
github.com/CosmoLabs-org/cosmo-smoke/internal/reporter/push.go:80.2,81.16 2 1
github.com/CosmoLabs-org/cosmo-smoke/internal/reporter/push.go:81.16,83.3 1 0
github.com/CosmoLabs-org/cosmo-smoke/internal/reporter/push.go:85.2,86.16 2 1
github.com/CosmoLabs-org/cosmo-smoke/internal/reporter/push.go:86.16,88.3 1 0
github.com/CosmoLabs-org/cosmo-smoke/internal/reporter/push.go:89.2,90.20 2 1
github.com/CosmoLabs-org/cosmo-smoke/internal/reporter/push.go:90.20,92.3 1 1
github.com/CosmoLabs-org/cosmo-smoke/internal/reporter/push.go:94.2,95.16 2 1
github.com/CosmoLabs-org/cosmo-smoke/internal/reporter/push.go:95.16,97.3 1 1
github.com/CosmoLabs-org/cosmo-smoke/internal/reporter/push.go:98.2,98.19 1 1
github.com/CosmoLabs-org/cosmo-smoke/internal/reporter/tap.go:16.31,16.52 1 1
github.com/CosmoLabs-org/cosmo-smoke/internal/reporter/tap.go:18.52,18.53 0 0
github.com/CosmoLabs-org/cosmo-smoke/internal/reporter/tap.go:19.52,19.53 0 0
github.com/CosmoLabs-org/cosmo-smoke/internal/reporter/tap.go:20.51,20.64 1 1
github.com/CosmoLabs-org/cosmo-smoke/internal/reporter/tap.go:21.47,23.2 1 1
github.com/CosmoLabs-org/cosmo-smoke/internal/reporter/tap.go:25.45,28.30 3 1
github.com/CosmoLabs-org/cosmo-smoke/internal/reporter/tap.go:28.30,29.16 1 1
github.com/CosmoLabs-org/cosmo-smoke/internal/reporter/tap.go:29.16,31.4 1 1
github.com/CosmoLabs-org/cosmo-smoke/internal/reporter/tap.go:31.9,31.22 1 1
github.com/CosmoLabs-org/cosmo-smoke/internal/reporter/tap.go:31.22,33.4 1 1
github.com/CosmoLabs-org/cosmo-smoke/internal/reporter/tap.go:33.9,33.30 1 1
github.com/CosmoLabs-org/cosmo-smoke/internal/reporter/tap.go:33.30,35.35 2 1
github.com/CosmoLabs-org/cosmo-smoke/internal/reporter/tap.go:35.35,36.18 1 1
github.com/CosmoLabs-org/cosmo-smoke/internal/reporter/tap.go:36.18,38.6 1 1
github.com/CosmoLabs-org/cosmo-smoke/internal/reporter/tap.go:40.9,42.35 2 1
github.com/CosmoLabs-org/cosmo-smoke/internal/reporter/tap.go:42.35,43.18 1 1
github.com/CosmoLabs-org/cosmo-smoke/internal/reporter/tap.go:43.18,45.6 1 1
github.com/CosmoLabs-org/cosmo-smoke/internal/reporter/terminal.go:27.41,29.2 1 1
github.com/CosmoLabs-org/cosmo-smoke/internal/reporter/terminal.go:31.45,33.2 1 1
github.com/CosmoLabs-org/cosmo-smoke/internal/reporter/terminal.go:35.53,36.14 1 1
github.com/CosmoLabs-org/cosmo-smoke/internal/reporter/terminal.go:36.14,38.21 2 1
github.com/CosmoLabs-org/cosmo-smoke/internal/reporter/terminal.go:38.21,40.4 1 1
github.com/CosmoLabs-org/cosmo-smoke/internal/reporter/terminal.go:41.3,41.74 1 1
github.com/CosmoLabs-org/cosmo-smoke/internal/reporter/terminal.go:42.8,44.19 2 1
github.com/CosmoLabs-org/cosmo-smoke/internal/reporter/terminal.go:44.19,46.4 1 1
github.com/CosmoLabs-org/cosmo-smoke/internal/reporter/terminal.go:50.43,52.2 1 1
github.com/CosmoLabs-org/cosmo-smoke/internal/reporter/terminal.go:54.49,57.15 2 1
github.com/CosmoLabs-org/cosmo-smoke/internal/reporter/terminal.go:57.15,60.3 2 1
github.com/CosmoLabs-org/cosmo-smoke/internal/reporter/terminal.go:62.2,62.14 1 1
github.com/CosmoLabs-org/cosmo-smoke/internal/reporter/terminal.go:62.14,64.3 1 1
github.com/CosmoLabs-org/cosmo-smoke/internal/reporter/terminal.go:64.8,64.29 1 1
github.com/CosmoLabs-org/cosmo-smoke/internal/reporter/terminal.go:64.29,66.34 2 0
github.com/CosmoLabs-org/cosmo-smoke/internal/reporter/terminal.go:66.34,67.17 1 0
github.com/CosmoLabs-org/cosmo-smoke/internal/reporter/terminal.go:67.17,72.5 1 0
github.com/CosmoLabs-org/cosmo-smoke/internal/reporter/terminal.go:74.3,74.21 1 0
github.com/CosmoLabs-org/cosmo-smoke/internal/reporter/terminal.go:74.21,76.4 1 0
github.com/CosmoLabs-org/cosmo-smoke/internal/reporter/terminal.go:77.8,79.34 2 1
github.com/CosmoLabs-org/cosmo-smoke/internal/reporter/terminal.go:79.34,80.17 1 1
github.com/CosmoLabs-org/cosmo-smoke/internal/reporter/terminal.go:80.17,85.5 1 1
github.com/CosmoLabs-org/cosmo-smoke/internal/reporter/terminal.go:87.3,87.21 1 1
github.com/CosmoLabs-org/cosmo-smoke/internal/reporter/terminal.go:87.21,89.4 1 0
github.com/CosmoLabs-org/cosmo-smoke/internal/reporter/terminal.go:93.47,99.18 3 1
github.com/CosmoLabs-org/cosmo-smoke/internal/reporter/terminal.go:99.18,101.3 1 1
github.com/CosmoLabs-org/cosmo-smoke/internal/reporter/terminal.go:102.2,102.18 1 1
github.com/CosmoLabs-org/cosmo-smoke/internal/reporter/terminal.go:102.18,104.3 1 1
github.com/CosmoLabs-org/cosmo-smoke/internal/reporter/terminal.go:105.2,105.19 1 1
github.com/CosmoLabs-org/cosmo-smoke/internal/reporter/terminal.go:105.19,107.3 1 1
github.com/CosmoLabs-org/cosmo-smoke/internal/reporter/terminal.go:108.2,108.27 1 1
github.com/CosmoLabs-org/cosmo-smoke/internal/reporter/terminal.go:108.27,110.3 1 0
github.com/CosmoLabs-org/cosmo-smoke/internal/reporter/terminal.go:111.2,115.26 3 1
github.com/CosmoLabs-org/cosmo-smoke/internal/reporter/terminal.go:115.26,117.22 2 0
github.com/CosmoLabs-org/cosmo-smoke/internal/reporter/terminal.go:117.22,119.4 1 0
github.com/CosmoLabs-org/cosmo-smoke/internal/reporter/terminal.go:119.9,121.4 1 0
github.com/CosmoLabs-org/cosmo-smoke/internal/reporter/terminal.go:125.45,126.26 1 1
github.com/CosmoLabs-org/cosmo-smoke/internal/reporter/terminal.go:126.26,128.3 1 1
github.com/CosmoLabs-org/cosmo-smoke/internal/reporter/terminal.go:129.2,129.21 1 1
github.com/CosmoLabs-org/cosmo-smoke/internal/reporter/terminal.go:129.21,131.3 1 1
github.com/CosmoLabs-org/cosmo-smoke/internal/reporter/terminal.go:132.2,132.44 1 1
github.com/CosmoLabs-org/cosmo-smoke/internal/schema/schema.go:268.58,270.41 2 1
github.com/CosmoLabs-org/cosmo-smoke/internal/schema/schema.go:270.41,272.3 1 0
github.com/CosmoLabs-org/cosmo-smoke/internal/schema/schema.go:273.2,274.16 2 1
github.com/CosmoLabs-org/cosmo-smoke/internal/schema/schema.go:274.16,276.3 1 0
github.com/CosmoLabs-org/cosmo-smoke/internal/schema/schema.go:277.2,278.12 2 1
github.com/CosmoLabs-org/cosmo-smoke/internal/schema/schema.go:281.54,283.2 1 0
github.com/CosmoLabs-org/cosmo-smoke/internal/schema/schema.go:287.46,289.2 1 1
github.com/CosmoLabs-org/cosmo-smoke/internal/schema/schema.go:291.66,292.16 1 1
github.com/CosmoLabs-org/cosmo-smoke/internal/schema/schema.go:292.16,294.3 1 1
github.com/CosmoLabs-org/cosmo-smoke/internal/schema/schema.go:296.2,297.16 2 1
github.com/CosmoLabs-org/cosmo-smoke/internal/schema/schema.go:297.16,299.3 1 1
github.com/CosmoLabs-org/cosmo-smoke/internal/schema/schema.go:302.2,303.16 2 1
github.com/CosmoLabs-org/cosmo-smoke/internal/schema/schema.go:303.16,305.3 1 0
github.com/CosmoLabs-org/cosmo-smoke/internal/schema/schema.go:307.2,308.16 2 1
github.com/CosmoLabs-org/cosmo-smoke/internal/schema/schema.go:308.16,310.3 1 0
github.com/CosmoLabs-org/cosmo-smoke/internal/schema/schema.go:313.2,314.35 2 1
github.com/CosmoLabs-org/cosmo-smoke/internal/schema/schema.go:314.35,316.27 2 1
github.com/CosmoLabs-org/cosmo-smoke/internal/schema/schema.go:316.27,318.4 1 1
github.com/CosmoLabs-org/cosmo-smoke/internal/schema/schema.go:320.3,321.17 2 1
github.com/CosmoLabs-org/cosmo-smoke/internal/schema/schema.go:321.17,323.4 1 1
github.com/CosmoLabs-org/cosmo-smoke/internal/schema/schema.go:326.3,327.49 2 1
github.com/CosmoLabs-org/cosmo-smoke/internal/schema/schema.go:330.2,330.17 1 1
github.com/CosmoLabs-org/cosmo-smoke/internal/schema/schema.go:335.51,337.16 2 1
github.com/CosmoLabs-org/cosmo-smoke/internal/schema/schema.go:337.16,339.3 1 0
github.com/CosmoLabs-org/cosmo-smoke/internal/schema/schema.go:342.2,343.33 2 1
github.com/CosmoLabs-org/cosmo-smoke/internal/schema/schema.go:343.33,344.54 1 1
github.com/CosmoLabs-org/cosmo-smoke/internal/schema/schema.go:344.54,346.4 1 1
github.com/CosmoLabs-org/cosmo-smoke/internal/schema/schema.go:349.2,353.16 3 1
github.com/CosmoLabs-org/cosmo-smoke/internal/schema/schema.go:353.16,355.3 1 0
github.com/CosmoLabs-org/cosmo-smoke/internal/schema/schema.go:357.2,357.25 1 1
github.com/CosmoLabs-org/cosmo-smoke/internal/schema/schema.go:361.47,363.51 2 1
github.com/CosmoLabs-org/cosmo-smoke/internal/schema/schema.go:363.51,365.3 1 1
github.com/CosmoLabs-org/cosmo-smoke/internal/schema/schema.go:366.2,366.18 1 1
github.com/CosmoLabs-org/cosmo-smoke/internal/schema/schema.go:370.42,372.2 1 0
github.com/CosmoLabs-org/cosmo-smoke/internal/schema/schema.go:376.72,378.16 2 1
github.com/CosmoLabs-org/cosmo-smoke/internal/schema/schema.go:378.16,380.3 1 1
github.com/CosmoLabs-org/cosmo-smoke/internal/schema/schema.go:383.2,383.42 1 1
github.com/CosmoLabs-org/cosmo-smoke/internal/schema/schema.go:383.42,385.3 1 1
github.com/CosmoLabs-org/cosmo-smoke/internal/schema/schema.go:386.2,386.30 1 1
github.com/CosmoLabs-org/cosmo-smoke/internal/schema/schema.go:386.30,388.3 1 1
github.com/CosmoLabs-org/cosmo-smoke/internal/schema/schema.go:389.2,389.30 1 1
github.com/CosmoLabs-org/cosmo-smoke/internal/schema/schema.go:389.30,391.3 1 0
github.com/CosmoLabs-org/cosmo-smoke/internal/schema/schema.go:394.2,399.18 3 1
github.com/CosmoLabs-org/cosmo-smoke/internal/schema/validate.go:14.42,16.2 1 1
github.com/CosmoLabs-org/cosmo-smoke/internal/schema/validate.go:20.39,23.22 2 1
github.com/CosmoLabs-org/cosmo-smoke/internal/schema/validate.go:23.22,25.3 1 1
github.com/CosmoLabs-org/cosmo-smoke/internal/schema/validate.go:27.2,27.23 1 1
github.com/CosmoLabs-org/cosmo-smoke/internal/schema/validate.go:27.23,29.3 1 1
github.com/CosmoLabs-org/cosmo-smoke/internal/schema/validate.go:31.2,31.25 1 1
github.com/CosmoLabs-org/cosmo-smoke/internal/schema/validate.go:31.25,33.3 1 1
github.com/CosmoLabs-org/cosmo-smoke/internal/schema/validate.go:35.2,35.30 1 1
github.com/CosmoLabs-org/cosmo-smoke/internal/schema/validate.go:35.30,37.19 2 1
github.com/CosmoLabs-org/cosmo-smoke/internal/schema/validate.go:37.19,39.4 1 1
github.com/CosmoLabs-org/cosmo-smoke/internal/schema/validate.go:40.3,40.56 1 1
github.com/CosmoLabs-org/cosmo-smoke/internal/schema/validate.go:40.56,42.4 1 1
github.com/CosmoLabs-org/cosmo-smoke/internal/schema/validate.go:43.3,43.21 1 1
github.com/CosmoLabs-org/cosmo-smoke/internal/schema/validate.go:43.21,44.25 1 1
github.com/CosmoLabs-org/cosmo-smoke/internal/schema/validate.go:44.25,46.5 1 1
github.com/CosmoLabs-org/cosmo-smoke/internal/schema/validate.go:47.4,47.37 1 1
github.com/CosmoLabs-org/cosmo-smoke/internal/schema/validate.go:47.37,49.5 1 1
github.com/CosmoLabs-org/cosmo-smoke/internal/schema/validate.go:50.4,50.61 1 1
github.com/CosmoLabs-org/cosmo-smoke/internal/schema/validate.go:50.61,52.5 1 1
github.com/CosmoLabs-org/cosmo-smoke/internal/schema/validate.go:54.3,54.77 1 1
github.com/CosmoLabs-org/cosmo-smoke/internal/schema/validate.go:54.77,56.4 1 1
github.com/CosmoLabs-org/cosmo-smoke/internal/schema/validate.go:57.3,57.70 1 1
github.com/CosmoLabs-org/cosmo-smoke/internal/schema/validate.go:57.70,59.4 1 1
github.com/CosmoLabs-org/cosmo-smoke/internal/schema/validate.go:60.3,60.43 1 1
github.com/CosmoLabs-org/cosmo-smoke/internal/schema/validate.go:60.43,61.19 1 0
github.com/CosmoLabs-org/cosmo-smoke/internal/schema/validate.go:61.19,63.5 1 0
github.com/CosmoLabs-org/cosmo-smoke/internal/schema/validate.go:63.10,63.92 1 0
github.com/CosmoLabs-org/cosmo-smoke/internal/schema/validate.go:63.92,65.5 1 0
github.com/CosmoLabs-org/cosmo-smoke/internal/schema/validate.go:67.3,67.47 1 1
github.com/CosmoLabs-org/cosmo-smoke/internal/schema/validate.go:67.47,68.19 1 0
github.com/CosmoLabs-org/cosmo-smoke/internal/schema/validate.go:68.19,70.5 1 0
github.com/CosmoLabs-org/cosmo-smoke/internal/schema/validate.go:70.10,70.92 1 0
github.com/CosmoLabs-org/cosmo-smoke/internal/schema/validate.go:70.92,72.5 1 0
github.com/CosmoLabs-org/cosmo-smoke/internal/schema/validate.go:74.3,74.39 1 1
github.com/CosmoLabs-org/cosmo-smoke/internal/schema/validate.go:74.39,75.22 1 0
github.com/CosmoLabs-org/cosmo-smoke/internal/schema/validate.go:75.22,77.5 1 0
github.com/CosmoLabs-org/cosmo-smoke/internal/schema/validate.go:79.3,79.43 1 1
github.com/CosmoLabs-org/cosmo-smoke/internal/schema/validate.go:79.43,80.23 1 0
github.com/CosmoLabs-org/cosmo-smoke/internal/schema/validate.go:80.23,82.5 1 0
github.com/CosmoLabs-org/cosmo-smoke/internal/schema/validate.go:83.4,83.23 1 0
github.com/CosmoLabs-org/cosmo-smoke/internal/schema/validate.go:83.23,85.5 1 0
github.com/CosmoLabs-org/cosmo-smoke/internal/schema/validate.go:85.10,85.62 1 0
github.com/CosmoLabs-org/cosmo-smoke/internal/schema/validate.go:85.62,87.5 1 0
github.com/CosmoLabs-org/cosmo-smoke/internal/schema/validate.go:89.3,89.40 1 1
github.com/CosmoLabs-org/cosmo-smoke/internal/schema/validate.go:89.40,90.19 1 0
github.com/CosmoLabs-org/cosmo-smoke/internal/schema/validate.go:90.19,92.5 1 0
github.com/CosmoLabs-org/cosmo-smoke/internal/schema/validate.go:92.10,92.88 1 0
github.com/CosmoLabs-org/cosmo-smoke/internal/schema/validate.go:92.88,94.5 1 0
github.com/CosmoLabs-org/cosmo-smoke/internal/schema/validate.go:95.4,95.29 1 0
github.com/CosmoLabs-org/cosmo-smoke/internal/schema/validate.go:95.29,96.62 1 0
github.com/CosmoLabs-org/cosmo-smoke/internal/schema/validate.go:96.62,98.6 1 0
github.com/CosmoLabs-org/cosmo-smoke/internal/schema/validate.go:101.3,101.41 1 1
github.com/CosmoLabs-org/cosmo-smoke/internal/schema/validate.go:101.41,102.22 1 0
github.com/CosmoLabs-org/cosmo-smoke/internal/schema/validate.go:102.22,104.5 1 0
github.com/CosmoLabs-org/cosmo-smoke/internal/schema/validate.go:104.10,104.76 1 0
github.com/CosmoLabs-org/cosmo-smoke/internal/schema/validate.go:104.76,106.5 1 0
github.com/CosmoLabs-org/cosmo-smoke/internal/schema/validate.go:107.4,107.20 1 0
github.com/CosmoLabs-org/cosmo-smoke/internal/schema/validate.go:107.20,109.5 1 0
github.com/CosmoLabs-org/cosmo-smoke/internal/schema/validate.go:111.3,111.38 1 1
github.com/CosmoLabs-org/cosmo-smoke/internal/schema/validate.go:111.38,112.19 1 0
github.com/CosmoLabs-org/cosmo-smoke/internal/schema/validate.go:112.19,114.5 1 0
github.com/CosmoLabs-org/cosmo-smoke/internal/schema/validate.go:115.4,115.74 1 0
github.com/CosmoLabs-org/cosmo-smoke/internal/schema/validate.go:115.75,117.5 0 0
github.com/CosmoLabs-org/cosmo-smoke/internal/schema/validate.go:119.3,119.40 1 1
github.com/CosmoLabs-org/cosmo-smoke/internal/schema/validate.go:119.40,120.126 1 1
github.com/CosmoLabs-org/cosmo-smoke/internal/schema/validate.go:120.126,122.5 1 1
github.com/CosmoLabs-org/cosmo-smoke/internal/schema/validate.go:123.4,123.72 1 1
github.com/CosmoLabs-org/cosmo-smoke/internal/schema/validate.go:123.72,124.54 1 1
github.com/CosmoLabs-org/cosmo-smoke/internal/schema/validate.go:124.54,126.6 1 1
github.com/CosmoLabs-org/cosmo-smoke/internal/schema/validate.go:126.11,126.126 1 1
github.com/CosmoLabs-org/cosmo-smoke/internal/schema/validate.go:126.126,128.6 1 0
github.com/CosmoLabs-org/cosmo-smoke/internal/schema/validate.go:130.4,130.109 1 1
github.com/CosmoLabs-org/cosmo-smoke/internal/schema/validate.go:130.109,132.5 1 0
github.com/CosmoLabs-org/cosmo-smoke/internal/schema/validate.go:133.4,133.50 1 1
github.com/CosmoLabs-org/cosmo-smoke/internal/schema/validate.go:133.50,135.5 1 1
github.com/CosmoLabs-org/cosmo-smoke/internal/schema/validate.go:136.4,136.48 1 1
github.com/CosmoLabs-org/cosmo-smoke/internal/schema/validate.go:136.48,138.5 1 1
github.com/CosmoLabs-org/cosmo-smoke/internal/schema/validate.go:139.4,139.22 1 1
github.com/CosmoLabs-org/cosmo-smoke/internal/schema/validate.go:139.22,141.5 1 0
github.com/CosmoLabs-org/cosmo-smoke/internal/schema/validate.go:145.2,145.50 1 1
github.com/CosmoLabs-org/cosmo-smoke/internal/schema/validate.go:145.50,147.3 1 1
github.com/CosmoLabs-org/cosmo-smoke/internal/schema/validate.go:148.2,148.157 1 1
github.com/CosmoLabs-org/cosmo-smoke/internal/schema/validate.go:148.157,150.3 1 0
github.com/CosmoLabs-org/cosmo-smoke/internal/schema/validate.go:152.2,152.19 1 1
github.com/CosmoLabs-org/cosmo-smoke/internal/schema/validate.go:152.19,154.3 1 1
github.com/CosmoLabs-org/cosmo-smoke/internal/schema/validate.go:155.2,155.12 1 1
github.com/CosmoLabs-org/cosmo-smoke/internal/schema/validate.go:160.45,180.2 1 1
github.com/CosmoLabs-org/cosmo-smoke/internal/mcp/handlers.go:20.92,24.16 3 1
github.com/CosmoLabs-org/cosmo-smoke/internal/mcp/handlers.go:24.16,26.3 1 0
github.com/CosmoLabs-org/cosmo-smoke/internal/mcp/handlers.go:28.2,37.59 3 1
github.com/CosmoLabs-org/cosmo-smoke/internal/mcp/handlers.go:37.59,39.17 2 0
github.com/CosmoLabs-org/cosmo-smoke/internal/mcp/handlers.go:39.17,41.4 1 0
github.com/CosmoLabs-org/cosmo-smoke/internal/mcp/handlers.go:42.3,42.19 1 0
github.com/CosmoLabs-org/cosmo-smoke/internal/mcp/handlers.go:45.2,52.16 3 1
github.com/CosmoLabs-org/cosmo-smoke/internal/mcp/handlers.go:52.16,54.3 1 0
github.com/CosmoLabs-org/cosmo-smoke/internal/mcp/handlers.go:56.2,56.55 1 1
github.com/CosmoLabs-org/cosmo-smoke/internal/mcp/handlers.go:60.93,63.16 3 1
github.com/CosmoLabs-org/cosmo-smoke/internal/mcp/handlers.go:63.16,65.3 1 0
github.com/CosmoLabs-org/cosmo-smoke/internal/mcp/handlers.go:67.2,68.21 2 1
github.com/CosmoLabs-org/cosmo-smoke/internal/mcp/handlers.go:68.21,70.3 1 0
github.com/CosmoLabs-org/cosmo-smoke/internal/mcp/handlers.go:72.2,74.16 3 1
github.com/CosmoLabs-org/cosmo-smoke/internal/mcp/handlers.go:74.16,76.3 1 0
github.com/CosmoLabs-org/cosmo-smoke/internal/mcp/handlers.go:78.2,79.17 2 1
github.com/CosmoLabs-org/cosmo-smoke/internal/mcp/handlers.go:79.17,82.13 3 0
github.com/CosmoLabs-org/cosmo-smoke/internal/mcp/handlers.go:82.13,83.51 1 0
github.com/CosmoLabs-org/cosmo-smoke/internal/mcp/handlers.go:83.51,84.71 1 0
github.com/CosmoLabs-org/cosmo-smoke/internal/mcp/handlers.go:84.71,86.6 1 0
github.com/CosmoLabs-org/cosmo-smoke/internal/mcp/handlers.go:89.3,89.64 1 0
github.com/CosmoLabs-org/cosmo-smoke/internal/mcp/handlers.go:89.64,91.4 1 0
github.com/CosmoLabs-org/cosmo-smoke/internal/mcp/handlers.go:92.3,92.86 1 0
github.com/CosmoLabs-org/cosmo-smoke/internal/mcp/handlers.go:95.2,95.66 1 1
github.com/CosmoLabs-org/cosmo-smoke/internal/mcp/handlers.go:99.97,103.16 3 1
github.com/CosmoLabs-org/cosmo-smoke/internal/mcp/handlers.go:103.16,105.3 1 1
github.com/CosmoLabs-org/cosmo-smoke/internal/mcp/handlers.go:107.2,108.17 2 1
github.com/CosmoLabs-org/cosmo-smoke/internal/mcp/handlers.go:108.17,109.51 1 0
github.com/CosmoLabs-org/cosmo-smoke/internal/mcp/handlers.go:109.51,111.4 1 0
github.com/CosmoLabs-org/cosmo-smoke/internal/mcp/handlers.go:112.3,112.76 1 0
github.com/CosmoLabs-org/cosmo-smoke/internal/mcp/handlers.go:115.2,116.30 2 1
github.com/CosmoLabs-org/cosmo-smoke/internal/mcp/handlers.go:116.30,118.3 1 1
github.com/CosmoLabs-org/cosmo-smoke/internal/mcp/handlers.go:120.2,120.60 1 1
github.com/CosmoLabs-org/cosmo-smoke/internal/mcp/handlers.go:124.93,128.16 3 1
github.com/CosmoLabs-org/cosmo-smoke/internal/mcp/handlers.go:128.16,130.3 1 0
github.com/CosmoLabs-org/cosmo-smoke/internal/mcp/handlers.go:132.2,134.30 3 1
github.com/CosmoLabs-org/cosmo-smoke/internal/mcp/handlers.go:134.30,135.55 1 1
github.com/CosmoLabs-org/cosmo-smoke/internal/mcp/handlers.go:135.55,136.12 1 1
github.com/CosmoLabs-org/cosmo-smoke/internal/mcp/handlers.go:138.3,144.5 1 1
github.com/CosmoLabs-org/cosmo-smoke/internal/mcp/handlers.go:147.2,147.63 1 1
github.com/CosmoLabs-org/cosmo-smoke/internal/mcp/handlers.go:151.97,155.16 3 1
github.com/CosmoLabs-org/cosmo-smoke/internal/mcp/handlers.go:155.16,157.3 1 0
github.com/CosmoLabs-org/cosmo-smoke/internal/mcp/handlers.go:159.2,160.16 2 1
github.com/CosmoLabs-org/cosmo-smoke/internal/mcp/handlers.go:160.16,162.3 1 0
github.com/CosmoLabs-org/cosmo-smoke/internal/mcp/handlers.go:165.2,167.52 3 1
github.com/CosmoLabs-org/cosmo-smoke/internal/mcp/handlers.go:167.52,168.54 1 1
github.com/CosmoLabs-org/cosmo-smoke/internal/mcp/handlers.go:168.54,169.54 1 1
github.com/CosmoLabs-org/cosmo-smoke/internal/mcp/handlers.go:169.54,175.5 1 1
github.com/CosmoLabs-org/cosmo-smoke/internal/mcp/handlers.go:179.2,179.27 1 1
github.com/CosmoLabs-org/cosmo-smoke/internal/mcp/handlers.go:179.27,185.3 1 1
github.com/CosmoLabs-org/cosmo-smoke/internal/mcp/handlers.go:187.2,187.47 1 1
github.com/CosmoLabs-org/cosmo-smoke/internal/mcp/handlers.go:191.96,193.25 2 1
github.com/CosmoLabs-org/cosmo-smoke/internal/mcp/handlers.go:193.25,195.3 1 0
github.com/CosmoLabs-org/cosmo-smoke/internal/mcp/handlers.go:197.2,198.9 2 1
github.com/CosmoLabs-org/cosmo-smoke/internal/mcp/handlers.go:198.9,200.3 1 1
github.com/CosmoLabs-org/cosmo-smoke/internal/mcp/handlers.go:201.2,201.18 1 1
github.com/CosmoLabs-org/cosmo-smoke/internal/mcp/handlers.go:205.101,207.16 2 1
github.com/CosmoLabs-org/cosmo-smoke/internal/mcp/handlers.go:207.16,209.3 1 1
github.com/CosmoLabs-org/cosmo-smoke/internal/mcp/handlers.go:210.2,211.25 2 1
github.com/CosmoLabs-org/cosmo-smoke/internal/mcp/handlers.go:211.25,213.3 1 1
github.com/CosmoLabs-org/cosmo-smoke/internal/mcp/handlers.go:215.2,217.45 3 1
github.com/CosmoLabs-org/cosmo-smoke/internal/mcp/handlers.go:221.104,227.19 5 1
github.com/CosmoLabs-org/cosmo-smoke/internal/mcp/handlers.go:227.19,229.26 2 0
github.com/CosmoLabs-org/cosmo-smoke/internal/mcp/handlers.go:229.26,231.4 1 0
github.com/CosmoLabs-org/cosmo-smoke/internal/mcp/handlers.go:234.2,235.23 2 1
github.com/CosmoLabs-org/cosmo-smoke/internal/mcp/handlers.go:235.23,236.37 1 1
github.com/CosmoLabs-org/cosmo-smoke/internal/mcp/handlers.go:236.37,238.4 1 0
github.com/CosmoLabs-org/cosmo-smoke/internal/mcp/handlers.go:239.3,240.29 2 1
github.com/CosmoLabs-org/cosmo-smoke/internal/mcp/handlers.go:243.2,243.19 1 1
github.com/CosmoLabs-org/cosmo-smoke/internal/mcp/handlers.go:247.49,258.2 2 1
github.com/CosmoLabs-org/cosmo-smoke/internal/mcp/handlers.go:261.86,262.23 1 1
github.com/CosmoLabs-org/cosmo-smoke/internal/mcp/handlers.go:263.19,265.52 2 0
github.com/CosmoLabs-org/cosmo-smoke/internal/mcp/handlers.go:267.25,268.97 1 0
github.com/CosmoLabs-org/cosmo-smoke/internal/mcp/handlers.go:270.24,271.86 1 0
github.com/CosmoLabs-org/cosmo-smoke/internal/mcp/handlers.go:273.25,274.94 1 0
github.com/CosmoLabs-org/cosmo-smoke/internal/mcp/handlers.go:276.24,277.86 1 0
github.com/CosmoLabs-org/cosmo-smoke/internal/mcp/handlers.go:279.21,280.88 1 0
github.com/CosmoLabs-org/cosmo-smoke/internal/mcp/handlers.go:282.20,283.80 1 0
github.com/CosmoLabs-org/cosmo-smoke/internal/mcp/handlers.go:285.24,289.125 4 1
github.com/CosmoLabs-org/cosmo-smoke/internal/mcp/handlers.go:291.25,292.87 1 0
github.com/CosmoLabs-org/cosmo-smoke/internal/mcp/handlers.go:294.14,297.91 3 1
github.com/CosmoLabs-org/cosmo-smoke/internal/mcp/handlers.go:299.20,302.15 3 0
github.com/CosmoLabs-org/cosmo-smoke/internal/mcp/handlers.go:302.15,304.4 1 0
github.com/CosmoLabs-org/cosmo-smoke/internal/mcp/handlers.go:305.3,305.68 1 0
github.com/CosmoLabs-org/cosmo-smoke/internal/mcp/handlers.go:307.26,309.57 2 0
github.com/CosmoLabs-org/cosmo-smoke/internal/mcp/handlers.go:311.18,314.104 3 0
github.com/CosmoLabs-org/cosmo-smoke/internal/mcp/handlers.go:316.20,319.92 3 0
github.com/CosmoLabs-org/cosmo-smoke/internal/mcp/handlers.go:321.27,322.159 1 0
github.com/CosmoLabs-org/cosmo-smoke/internal/mcp/handlers.go:324.23,325.154 1 0
github.com/CosmoLabs-org/cosmo-smoke/internal/mcp/handlers.go:327.20,328.151 1 0
github.com/CosmoLabs-org/cosmo-smoke/internal/mcp/handlers.go:330.21,332.72 2 0
github.com/CosmoLabs-org/cosmo-smoke/internal/mcp/handlers.go:334.34,335.118 1 0
github.com/CosmoLabs-org/cosmo-smoke/internal/mcp/handlers.go:337.29,338.115 1 0
github.com/CosmoLabs-org/cosmo-smoke/internal/mcp/handlers.go:340.23,343.100 3 0
github.com/CosmoLabs-org/cosmo-smoke/internal/mcp/handlers.go:345.27,346.127 1 0
github.com/CosmoLabs-org/cosmo-smoke/internal/mcp/handlers.go:348.19,349.165 1 0
github.com/CosmoLabs-org/cosmo-smoke/internal/mcp/handlers.go:351.23,352.178 1 0
github.com/CosmoLabs-org/cosmo-smoke/internal/mcp/handlers.go:354.19,357.126 3 0
github.com/CosmoLabs-org/cosmo-smoke/internal/mcp/handlers.go:359.20,361.132 2 0
github.com/CosmoLabs-org/cosmo-smoke/internal/mcp/handlers.go:363.26,364.160 1 0
github.com/CosmoLabs-org/cosmo-smoke/internal/mcp/handlers.go:366.17,368.63 2 0
github.com/CosmoLabs-org/cosmo-smoke/internal/mcp/handlers.go:370.10,371.97 1 0
github.com/CosmoLabs-org/cosmo-smoke/internal/mcp/handlers.go:375.70,376.30 1 1
github.com/CosmoLabs-org/cosmo-smoke/internal/mcp/handlers.go:376.30,377.30 1 1
github.com/CosmoLabs-org/cosmo-smoke/internal/mcp/handlers.go:377.30,379.4 1 1
github.com/CosmoLabs-org/cosmo-smoke/internal/mcp/handlers.go:381.2,381.12 1 1
github.com/CosmoLabs-org/cosmo-smoke/internal/mcp/handlers.go:384.71,385.30 1 1
github.com/CosmoLabs-org/cosmo-smoke/internal/mcp/handlers.go:385.30,386.31 1 1
github.com/CosmoLabs-org/cosmo-smoke/internal/mcp/handlers.go:386.31,388.4 1 1
github.com/CosmoLabs-org/cosmo-smoke/internal/mcp/handlers.go:390.2,390.12 1 0
github.com/CosmoLabs-org/cosmo-smoke/internal/mcp/handlers.go:395.50,396.32 1 1
github.com/CosmoLabs-org/cosmo-smoke/internal/mcp/handlers.go:396.32,398.3 1 1
github.com/CosmoLabs-org/cosmo-smoke/internal/mcp/handlers.go:399.2,400.16 2 1
github.com/CosmoLabs-org/cosmo-smoke/internal/mcp/handlers.go:400.16,402.3 1 0
github.com/CosmoLabs-org/cosmo-smoke/internal/mcp/handlers.go:403.2,403.12 1 1
github.com/CosmoLabs-org/cosmo-smoke/internal/mcp/handlers.go:406.66,408.9 2 1
github.com/CosmoLabs-org/cosmo-smoke/internal/mcp/handlers.go:408.9,410.3 1 1
github.com/CosmoLabs-org/cosmo-smoke/internal/mcp/handlers.go:411.2,412.9 2 1
github.com/CosmoLabs-org/cosmo-smoke/internal/mcp/handlers.go:412.9,414.3 1 0
github.com/CosmoLabs-org/cosmo-smoke/internal/mcp/handlers.go:415.2,415.10 1 1
github.com/CosmoLabs-org/cosmo-smoke/internal/mcp/handlers.go:418.70,420.9 2 1
github.com/CosmoLabs-org/cosmo-smoke/internal/mcp/handlers.go:420.9,422.3 1 1
github.com/CosmoLabs-org/cosmo-smoke/internal/mcp/handlers.go:423.2,424.9 2 0
github.com/CosmoLabs-org/cosmo-smoke/internal/mcp/handlers.go:424.9,426.3 1 0
github.com/CosmoLabs-org/cosmo-smoke/internal/mcp/handlers.go:427.2,427.10 1 0
github.com/CosmoLabs-org/cosmo-smoke/internal/mcp/handlers.go:430.68,432.9 2 1
github.com/CosmoLabs-org/cosmo-smoke/internal/mcp/handlers.go:432.9,434.3 1 1
github.com/CosmoLabs-org/cosmo-smoke/internal/mcp/handlers.go:435.2,435.25 1 1
github.com/CosmoLabs-org/cosmo-smoke/internal/mcp/handlers.go:436.16,437.13 1 0
github.com/CosmoLabs-org/cosmo-smoke/internal/mcp/handlers.go:438.21,440.28 2 1
github.com/CosmoLabs-org/cosmo-smoke/internal/mcp/handlers.go:440.28,441.34 1 1
github.com/CosmoLabs-org/cosmo-smoke/internal/mcp/handlers.go:441.34,443.5 1 1
github.com/CosmoLabs-org/cosmo-smoke/internal/mcp/handlers.go:445.3,445.16 1 1
github.com/CosmoLabs-org/cosmo-smoke/internal/mcp/handlers.go:446.10,447.13 1 0
github.com/CosmoLabs-org/cosmo-smoke/internal/mcp/handlers.go:451.50,452.28 1 1
github.com/CosmoLabs-org/cosmo-smoke/internal/mcp/handlers.go:452.28,453.26 1 1
github.com/CosmoLabs-org/cosmo-smoke/internal/mcp/handlers.go:453.26,454.15 1 1
github.com/CosmoLabs-org/cosmo-smoke/internal/mcp/handlers.go:454.15,456.5 1 0
github.com/CosmoLabs-org/cosmo-smoke/internal/mcp/handlers.go:459.2,459.14 1 1
github.com/CosmoLabs-org/cosmo-smoke/internal/mcp/handlers.go:463.50,465.23 2 1
github.com/CosmoLabs-org/cosmo-smoke/internal/mcp/handlers.go:465.23,467.3 1 1
github.com/CosmoLabs-org/cosmo-smoke/internal/mcp/handlers.go:468.2,468.28 1 1
github.com/CosmoLabs-org/cosmo-smoke/internal/mcp/handlers.go:468.28,470.3 1 1
github.com/CosmoLabs-org/cosmo-smoke/internal/mcp/handlers.go:471.2,471.27 1 1
github.com/CosmoLabs-org/cosmo-smoke/internal/mcp/handlers.go:471.27,473.3 1 0
github.com/CosmoLabs-org/cosmo-smoke/internal/mcp/handlers.go:474.2,474.28 1 1
github.com/CosmoLabs-org/cosmo-smoke/internal/mcp/handlers.go:474.28,476.3 1 0
github.com/CosmoLabs-org/cosmo-smoke/internal/mcp/handlers.go:477.2,477.27 1 1
github.com/CosmoLabs-org/cosmo-smoke/internal/mcp/handlers.go:477.27,479.3 1 0
github.com/CosmoLabs-org/cosmo-smoke/internal/mcp/handlers.go:480.2,480.24 1 1
github.com/CosmoLabs-org/cosmo-smoke/internal/mcp/handlers.go:480.24,482.3 1 0
github.com/CosmoLabs-org/cosmo-smoke/internal/mcp/handlers.go:483.2,483.23 1 1
github.com/CosmoLabs-org/cosmo-smoke/internal/mcp/handlers.go:483.23,485.3 1 0
github.com/CosmoLabs-org/cosmo-smoke/internal/mcp/handlers.go:486.2,486.28 1 1
github.com/CosmoLabs-org/cosmo-smoke/internal/mcp/handlers.go:486.28,488.3 1 0
github.com/CosmoLabs-org/cosmo-smoke/internal/mcp/handlers.go:489.2,489.28 1 1
github.com/CosmoLabs-org/cosmo-smoke/internal/mcp/handlers.go:489.28,491.3 1 0
github.com/CosmoLabs-org/cosmo-smoke/internal/mcp/handlers.go:492.2,492.19 1 1
github.com/CosmoLabs-org/cosmo-smoke/internal/mcp/handlers.go:492.19,494.3 1 0
github.com/CosmoLabs-org/cosmo-smoke/internal/mcp/handlers.go:495.2,495.24 1 1
github.com/CosmoLabs-org/cosmo-smoke/internal/mcp/handlers.go:495.24,497.3 1 0
github.com/CosmoLabs-org/cosmo-smoke/internal/mcp/handlers.go:498.2,498.29 1 1
github.com/CosmoLabs-org/cosmo-smoke/internal/mcp/handlers.go:498.29,500.3 1 0
github.com/CosmoLabs-org/cosmo-smoke/internal/mcp/handlers.go:501.2,501.22 1 1
github.com/CosmoLabs-org/cosmo-smoke/internal/mcp/handlers.go:501.22,503.3 1 0
github.com/CosmoLabs-org/cosmo-smoke/internal/mcp/handlers.go:504.2,504.20 1 1
github.com/CosmoLabs-org/cosmo-smoke/internal/mcp/handlers.go:504.20,506.3 1 0
github.com/CosmoLabs-org/cosmo-smoke/internal/mcp/handlers.go:507.2,507.24 1 1
github.com/CosmoLabs-org/cosmo-smoke/internal/mcp/handlers.go:507.24,509.3 1 0
github.com/CosmoLabs-org/cosmo-smoke/internal/mcp/handlers.go:510.2,510.23 1 1
github.com/CosmoLabs-org/cosmo-smoke/internal/mcp/handlers.go:510.23,512.3 1 0
github.com/CosmoLabs-org/cosmo-smoke/internal/mcp/handlers.go:513.2,513.20 1 1
github.com/CosmoLabs-org/cosmo-smoke/internal/mcp/handlers.go:513.20,515.3 1 0
github.com/CosmoLabs-org/cosmo-smoke/internal/mcp/handlers.go:516.2,516.25 1 1
github.com/CosmoLabs-org/cosmo-smoke/internal/mcp/handlers.go:516.25,518.3 1 0
github.com/CosmoLabs-org/cosmo-smoke/internal/mcp/handlers.go:519.2,519.30 1 1
github.com/CosmoLabs-org/cosmo-smoke/internal/mcp/handlers.go:519.30,521.3 1 0
github.com/CosmoLabs-org/cosmo-smoke/internal/mcp/handlers.go:522.2,522.26 1 1
github.com/CosmoLabs-org/cosmo-smoke/internal/mcp/handlers.go:522.26,524.3 1 0
github.com/CosmoLabs-org/cosmo-smoke/internal/mcp/handlers.go:525.2,525.27 1 1
github.com/CosmoLabs-org/cosmo-smoke/internal/mcp/handlers.go:525.27,527.3 1 0
github.com/CosmoLabs-org/cosmo-smoke/internal/mcp/handlers.go:528.2,528.31 1 1
github.com/CosmoLabs-org/cosmo-smoke/internal/mcp/handlers.go:528.31,530.3 1 0
github.com/CosmoLabs-org/cosmo-smoke/internal/mcp/handlers.go:531.2,531.23 1 1
github.com/CosmoLabs-org/cosmo-smoke/internal/mcp/handlers.go:531.23,533.3 1 0
github.com/CosmoLabs-org/cosmo-smoke/internal/mcp/handlers.go:534.2,534.27 1 1
github.com/CosmoLabs-org/cosmo-smoke/internal/mcp/handlers.go:534.27,536.3 1 0
github.com/CosmoLabs-org/cosmo-smoke/internal/mcp/handlers.go:537.2,537.24 1 1
github.com/CosmoLabs-org/cosmo-smoke/internal/mcp/handlers.go:537.24,539.3 1 0
github.com/CosmoLabs-org/cosmo-smoke/internal/mcp/handlers.go:540.2,540.24 1 1
github.com/CosmoLabs-org/cosmo-smoke/internal/mcp/handlers.go:540.24,542.3 1 0
github.com/CosmoLabs-org/cosmo-smoke/internal/mcp/handlers.go:543.2,543.25 1 1
github.com/CosmoLabs-org/cosmo-smoke/internal/mcp/handlers.go:543.25,545.3 1 0
github.com/CosmoLabs-org/cosmo-smoke/internal/mcp/handlers.go:546.2,546.22 1 1
github.com/CosmoLabs-org/cosmo-smoke/internal/mcp/handlers.go:546.22,548.3 1 0
github.com/CosmoLabs-org/cosmo-smoke/internal/mcp/handlers.go:549.2,549.14 1 1
github.com/CosmoLabs-org/cosmo-smoke/internal/mcp/handlers.go:553.77,555.30 2 1
github.com/CosmoLabs-org/cosmo-smoke/internal/mcp/handlers.go:555.30,557.36 2 1
github.com/CosmoLabs-org/cosmo-smoke/internal/mcp/handlers.go:557.36,564.4 1 1
github.com/CosmoLabs-org/cosmo-smoke/internal/mcp/handlers.go:566.3,574.22 2 1
github.com/CosmoLabs-org/cosmo-smoke/internal/mcp/handlers.go:574.22,576.4 1 0
github.com/CosmoLabs-org/cosmo-smoke/internal/mcp/handlers.go:578.3,578.39 1 1
github.com/CosmoLabs-org/cosmo-smoke/internal/mcp/handlers.go:578.39,579.37 1 1
github.com/CosmoLabs-org/cosmo-smoke/internal/mcp/handlers.go:579.37,580.19 1 1
github.com/CosmoLabs-org/cosmo-smoke/internal/mcp/handlers.go:580.19,582.6 1 1
github.com/CosmoLabs-org/cosmo-smoke/internal/mcp/handlers.go:584.4,584.23 1 1
github.com/CosmoLabs-org/cosmo-smoke/internal/mcp/handlers.go:584.23,586.5 1 0
github.com/CosmoLabs-org/cosmo-smoke/internal/mcp/handlers.go:590.2,599.3 1 1
github.com/CosmoLabs-org/cosmo-smoke/internal/mcp/handlers.go:605.45,606.15 1 1
github.com/CosmoLabs-org/cosmo-smoke/internal/mcp/handlers.go:606.15,608.3 1 1
github.com/CosmoLabs-org/cosmo-smoke/internal/mcp/handlers.go:609.2,610.23 2 0
github.com/CosmoLabs-org/cosmo-smoke/internal/mcp/handlers.go:610.23,612.3 1 0
github.com/CosmoLabs-org/cosmo-smoke/internal/mcp/handlers.go:613.2,613.25 1 0
github.com/CosmoLabs-org/cosmo-smoke/internal/mcp/handlers.go:613.25,615.3 1 0
github.com/CosmoLabs-org/cosmo-smoke/internal/mcp/handlers.go:616.2,616.26 1 0
github.com/CosmoLabs-org/cosmo-smoke/internal/mcp/handlers.go:616.26,618.3 1 0
github.com/CosmoLabs-org/cosmo-smoke/internal/mcp/handlers.go:619.2,619.34 1 0
github.com/CosmoLabs-org/cosmo-smoke/internal/mcp/handlers.go:622.67,622.68 0 0
github.com/CosmoLabs-org/cosmo-smoke/internal/mcp/handlers.go:623.67,623.68 0 0
github.com/CosmoLabs-org/cosmo-smoke/internal/mcp/handlers.go:624.67,624.68 0 1
github.com/CosmoLabs-org/cosmo-smoke/internal/mcp/handlers.go:625.67,625.68 0 1
github.com/CosmoLabs-org/cosmo-smoke/internal/mcp/handlers.go:626.67,626.68 0 1
github.com/CosmoLabs-org/cosmo-smoke/internal/mcp/handlers.go:629.44,631.22 2 1
github.com/CosmoLabs-org/cosmo-smoke/internal/mcp/handlers.go:631.22,633.3 1 1
github.com/CosmoLabs-org/cosmo-smoke/internal/mcp/handlers.go:634.2,634.85 1 1
github.com/CosmoLabs-org/cosmo-smoke/internal/mcp/server.go:18.26,31.2 4 1
github.com/CosmoLabs-org/cosmo-smoke/internal/mcp/server.go:34.51,36.2 1 1
github.com/CosmoLabs-org/cosmo-smoke/internal/mcp/server.go:39.39,41.31 2 1
github.com/CosmoLabs-org/cosmo-smoke/internal/mcp/server.go:41.31,43.3 1 1
github.com/CosmoLabs-org/cosmo-smoke/internal/mcp/server.go:44.2,44.14 1 1
github.com/CosmoLabs-org/cosmo-smoke/internal/mcp/server.go:48.48,50.2 1 1
github.com/CosmoLabs-org/cosmo-smoke/internal/mcp/server.go:53.37,55.2 1 0
github.com/CosmoLabs-org/cosmo-smoke/internal/mcp/server.go:58.34,66.2 7 1
github.com/CosmoLabs-org/cosmo-smoke/internal/mcp/server.go:69.78,72.2 2 1
github.com/CosmoLabs-org/cosmo-smoke/internal/mcp/server.go:75.69,76.95 1 1
github.com/CosmoLabs-org/cosmo-smoke/internal/mcp/server.go:76.95,78.34 2 0
github.com/CosmoLabs-org/cosmo-smoke/internal/mcp/server.go:78.34,79.66 1 0
github.com/CosmoLabs-org/cosmo-smoke/internal/mcp/server.go:79.66,81.5 1 0
github.com/CosmoLabs-org/cosmo-smoke/internal/mcp/server.go:84.3,85.17 2 0
github.com/CosmoLabs-org/cosmo-smoke/internal/mcp/server.go:85.17,87.4 1 0
github.com/CosmoLabs-org/cosmo-smoke/internal/mcp/server.go:90.3,91.17 2 0
github.com/CosmoLabs-org/cosmo-smoke/internal/mcp/server.go:91.17,93.4 1 0
github.com/CosmoLabs-org/cosmo-smoke/internal/mcp/server.go:95.3,95.72 1 0
github.com/CosmoLabs-org/cosmo-smoke/internal/mcp/server.go:101.33,128.2 1 1
github.com/CosmoLabs-org/cosmo-smoke/internal/mcp/server.go:130.34,146.2 1 1
github.com/CosmoLabs-org/cosmo-smoke/internal/mcp/server.go:148.38,155.2 1 1
github.com/CosmoLabs-org/cosmo-smoke/internal/mcp/server.go:157.34,171.2 1 1
github.com/CosmoLabs-org/cosmo-smoke/internal/mcp/server.go:173.38,183.2 1 1
github.com/CosmoLabs-org/cosmo-smoke/internal/mcp/server.go:185.37,193.2 1 1
github.com/CosmoLabs-org/cosmo-smoke/internal/mcp/server.go:195.42,217.2 1 1
github.com/CosmoLabs-org/cosmo-smoke/internal/mcp/suggestions.go:97.60,99.9 2 1
github.com/CosmoLabs-org/cosmo-smoke/internal/mcp/suggestions.go:99.9,101.3 1 1
github.com/CosmoLabs-org/cosmo-smoke/internal/mcp/suggestions.go:103.2,105.29 3 1
github.com/CosmoLabs-org/cosmo-smoke/internal/mcp/suggestions.go:105.29,106.59 1 1
github.com/CosmoLabs-org/cosmo-smoke/internal/mcp/suggestions.go:106.59,108.4 1 1
github.com/CosmoLabs-org/cosmo-smoke/internal/mcp/suggestions.go:111.2,111.27 1 1
github.com/CosmoLabs-org/cosmo-smoke/internal/mcp/suggestions.go:111.27,113.3 1 1
github.com/CosmoLabs-org/cosmo-smoke/internal/mcp/suggestions.go:115.2,115.20 1 1
github.com/CosmoLabs-org/cosmo-smoke/internal/runner/assertion.go:18.62,25.2 1 1
github.com/CosmoLabs-org/cosmo-smoke/internal/runner/assertion.go:28.65,35.2 1 1
github.com/CosmoLabs-org/cosmo-smoke/internal/runner/assertion.go:39.65,41.16 2 1
github.com/CosmoLabs-org/cosmo-smoke/internal/runner/assertion.go:41.16,48.3 1 1
github.com/CosmoLabs-org/cosmo-smoke/internal/runner/assertion.go:49.2,54.3 1 1
github.com/CosmoLabs-org/cosmo-smoke/internal/runner/assertion.go:58.65,65.2 1 1
github.com/CosmoLabs-org/cosmo-smoke/internal/runner/assertion.go:69.65,71.16 2 1
github.com/CosmoLabs-org/cosmo-smoke/internal/runner/assertion.go:71.16,78.3 1 1
github.com/CosmoLabs-org/cosmo-smoke/internal/runner/assertion.go:79.2,84.3 1 1
github.com/CosmoLabs-org/cosmo-smoke/internal/runner/assertion.go:88.67,95.2 1 1
github.com/CosmoLabs-org/cosmo-smoke/internal/runner/assertion_credential.go:14.87,15.22 1 1
github.com/CosmoLabs-org/cosmo-smoke/internal/runner/assertion_credential.go:16.13,17.35 1 1
github.com/CosmoLabs-org/cosmo-smoke/internal/runner/assertion_credential.go:18.14,19.47 1 1
github.com/CosmoLabs-org/cosmo-smoke/internal/runner/assertion_credential.go:20.14,21.36 1 1
github.com/CosmoLabs-org/cosmo-smoke/internal/runner/assertion_credential.go:22.10,28.4 1 1
github.com/CosmoLabs-org/cosmo-smoke/internal/runner/assertion_credential.go:32.72,34.17 2 1
github.com/CosmoLabs-org/cosmo-smoke/internal/runner/assertion_credential.go:34.17,41.3 1 1
github.com/CosmoLabs-org/cosmo-smoke/internal/runner/assertion_credential.go:43.2,43.70 1 1
github.com/CosmoLabs-org/cosmo-smoke/internal/runner/assertion_credential.go:43.70,50.3 1 1
github.com/CosmoLabs-org/cosmo-smoke/internal/runner/assertion_credential.go:52.2,57.3 1 1
github.com/CosmoLabs-org/cosmo-smoke/internal/runner/assertion_credential.go:60.91,62.27 2 1
github.com/CosmoLabs-org/cosmo-smoke/internal/runner/assertion_credential.go:62.27,64.3 1 1
github.com/CosmoLabs-org/cosmo-smoke/internal/runner/assertion_credential.go:66.2,67.16 2 1
github.com/CosmoLabs-org/cosmo-smoke/internal/runner/assertion_credential.go:67.16,74.3 1 1
github.com/CosmoLabs-org/cosmo-smoke/internal/runner/assertion_credential.go:76.2,76.77 1 1
github.com/CosmoLabs-org/cosmo-smoke/internal/runner/assertion_credential.go:76.77,83.3 1 0
github.com/CosmoLabs-org/cosmo-smoke/internal/runner/assertion_credential.go:85.2,90.3 1 1
github.com/CosmoLabs-org/cosmo-smoke/internal/runner/assertion_credential.go:93.73,96.16 3 1
github.com/CosmoLabs-org/cosmo-smoke/internal/runner/assertion_credential.go:96.16,103.3 1 1
github.com/CosmoLabs-org/cosmo-smoke/internal/runner/assertion_credential.go:105.2,105.79 1 1
github.com/CosmoLabs-org/cosmo-smoke/internal/runner/assertion_credential.go:105.79,112.3 1 0
github.com/CosmoLabs-org/cosmo-smoke/internal/runner/assertion_credential.go:114.2,119.3 1 1
github.com/CosmoLabs-org/cosmo-smoke/internal/runner/assertion_db.go:13.63,15.16 2 1
github.com/CosmoLabs-org/cosmo-smoke/internal/runner/assertion_db.go:15.16,17.3 1 0
github.com/CosmoLabs-org/cosmo-smoke/internal/runner/assertion_db.go:18.2,19.15 2 1
github.com/CosmoLabs-org/cosmo-smoke/internal/runner/assertion_db.go:19.15,21.3 1 0
github.com/CosmoLabs-org/cosmo-smoke/internal/runner/assertion_db.go:22.2,24.16 3 1
github.com/CosmoLabs-org/cosmo-smoke/internal/runner/assertion_db.go:24.16,26.3 1 1
github.com/CosmoLabs-org/cosmo-smoke/internal/runner/assertion_db.go:27.2,31.26 3 1
github.com/CosmoLabs-org/cosmo-smoke/internal/runner/assertion_db.go:31.26,33.56 2 0
github.com/CosmoLabs-org/cosmo-smoke/internal/runner/assertion_db.go:33.56,35.4 1 0
github.com/CosmoLabs-org/cosmo-smoke/internal/runner/assertion_db.go:36.3,38.49 3 0
github.com/CosmoLabs-org/cosmo-smoke/internal/runner/assertion_db.go:38.49,40.4 1 0
github.com/CosmoLabs-org/cosmo-smoke/internal/runner/assertion_db.go:43.2,43.70 1 1
github.com/CosmoLabs-org/cosmo-smoke/internal/runner/assertion_db.go:43.70,45.3 1 0
github.com/CosmoLabs-org/cosmo-smoke/internal/runner/assertion_db.go:46.2,48.16 3 1
github.com/CosmoLabs-org/cosmo-smoke/internal/runner/assertion_db.go:48.16,50.3 1 0
[...]
github.com/CosmoLabs-org/cosmo-smoke/internal/runner/prereq.go:57.22,59.18 2 1
github.com/CosmoLabs-org/cosmo-smoke/internal/runner/prereq.go:59.18,61.10 2 1
github.com/CosmoLabs-org/cosmo-smoke/internal/runner/prereq.go:66.2,66.15 1 1
github.com/CosmoLabs-org/cosmo-smoke/internal/runner/runner.go:62.61,66.31 2 1
github.com/CosmoLabs-org/cosmo-smoke/internal/runner/runner.go:66.31,68.19 2 1
github.com/CosmoLabs-org/cosmo-smoke/internal/runner/runner.go:68.19,70.4 1 1
github.com/CosmoLabs-org/cosmo-smoke/internal/runner/runner.go:71.3,72.30 2 1
github.com/CosmoLabs-org/cosmo-smoke/internal/runner/runner.go:72.30,81.4 2 1
github.com/CosmoLabs-org/cosmo-smoke/internal/runner/runner.go:83.3,83.30 1 1
github.com/CosmoLabs-org/cosmo-smoke/internal/runner/runner.go:83.30,84.18 1 1
github.com/CosmoLabs-org/cosmo-smoke/internal/runner/runner.go:84.18,86.5 1 1
github.com/CosmoLabs-org/cosmo-smoke/internal/runner/runner.go:91.2,94.27 2 1
github.com/CosmoLabs-org/cosmo-smoke/internal/runner/runner.go:94.27,96.27 2 0
github.com/CosmoLabs-org/cosmo-smoke/internal/runner/runner.go:96.27,98.4 1 0
github.com/CosmoLabs-org/cosmo-smoke/internal/runner/runner.go:101.2,108.45 3 1
github.com/CosmoLabs-org/cosmo-smoke/internal/runner/runner.go:108.45,110.3 1 1
github.com/CosmoLabs-org/cosmo-smoke/internal/runner/runner.go:110.8,112.3 1 1
github.com/CosmoLabs-org/cosmo-smoke/internal/runner/runner.go:114.2,126.55 3 1
github.com/CosmoLabs-org/cosmo-smoke/internal/runner/runner.go:126.55,129.3 2 0
github.com/CosmoLabs-org/cosmo-smoke/internal/runner/runner.go:130.2,132.19 2 1
github.com/CosmoLabs-org/cosmo-smoke/internal/runner/runner.go:136.102,143.32 3 0
github.com/CosmoLabs-org/cosmo-smoke/internal/runner/runner.go:143.32,145.17 2 0
github.com/CosmoLabs-org/cosmo-smoke/internal/runner/runner.go:145.17,147.4 1 0
github.com/CosmoLabs-org/cosmo-smoke/internal/runner/runner.go:148.3,154.17 3 0
github.com/CosmoLabs-org/cosmo-smoke/internal/runner/runner.go:154.17,156.4 1 0
github.com/CosmoLabs-org/cosmo-smoke/internal/runner/runner.go:157.3,162.30 6 0
github.com/CosmoLabs-org/cosmo-smoke/internal/runner/runner.go:165.2,175.19 3 0
github.com/CosmoLabs-org/cosmo-smoke/internal/runner/runner.go:178.105,180.26 2 1
github.com/CosmoLabs-org/cosmo-smoke/internal/runner/runner.go:180.26,181.14 1 1
github.com/CosmoLabs-org/cosmo-smoke/internal/runner/runner.go:181.14,187.12 6 1
github.com/CosmoLabs-org/cosmo-smoke/internal/runner/runner.go:190.3,192.16 3 1
github.com/CosmoLabs-org/cosmo-smoke/internal/runner/runner.go:192.16,194.4 1 1
github.com/CosmoLabs-org/cosmo-smoke/internal/runner/runner.go:194.9,194.24 1 1
github.com/CosmoLabs-org/cosmo-smoke/internal/runner/runner.go:194.24,196.4 1 0
github.com/CosmoLabs-org/cosmo-smoke/internal/runner/runner.go:196.9,196.31 1 1
github.com/CosmoLabs-org/cosmo-smoke/internal/runner/runner.go:196.31,198.4 1 1
github.com/CosmoLabs-org/cosmo-smoke/internal/runner/runner.go:198.9,200.16 2 1
github.com/CosmoLabs-org/cosmo-smoke/internal/runner/runner.go:200.16,202.5 1 1
github.com/CosmoLabs-org/cosmo-smoke/internal/runner/runner.go:207.88,211.26 3 1
github.com/CosmoLabs-org/cosmo-smoke/internal/runner/runner.go:211.26,213.38 2 1
github.com/CosmoLabs-org/cosmo-smoke/internal/runner/runner.go:213.38,216.4 2 1
github.com/CosmoLabs-org/cosmo-smoke/internal/runner/runner.go:218.2,220.29 2 1
github.com/CosmoLabs-org/cosmo-smoke/internal/runner/runner.go:220.29,222.16 2 1
github.com/CosmoLabs-org/cosmo-smoke/internal/runner/runner.go:222.16,224.4 1 1
github.com/CosmoLabs-org/cosmo-smoke/internal/runner/runner.go:224.9,224.24 1 0
github.com/CosmoLabs-org/cosmo-smoke/internal/runner/runner.go:224.24,226.4 1 0
github.com/CosmoLabs-org/cosmo-smoke/internal/runner/runner.go:226.9,226.31 1 0
github.com/CosmoLabs-org/cosmo-smoke/internal/runner/runner.go:226.31,228.4 1 0
github.com/CosmoLabs-org/cosmo-smoke/internal/runner/runner.go:228.9,230.4 1 0
github.com/CosmoLabs-org/cosmo-smoke/internal/runner/runner.go:234.69,235.42 1 1
github.com/CosmoLabs-org/cosmo-smoke/internal/runner/runner.go:235.42,237.24 2 1
github.com/CosmoLabs-org/cosmo-smoke/internal/runner/runner.go:237.24,239.4 1 1
github.com/CosmoLabs-org/cosmo-smoke/internal/runner/runner.go:240.3,240.13 1 1
github.com/CosmoLabs-org/cosmo-smoke/internal/runner/runner.go:242.2,244.56 3 1
github.com/CosmoLabs-org/cosmo-smoke/internal/runner/runner.go:244.56,246.18 2 1
github.com/CosmoLabs-org/cosmo-smoke/internal/runner/runner.go:246.18,249.4 2 1
github.com/CosmoLabs-org/cosmo-smoke/internal/runner/runner.go:250.3,250.66 1 1
github.com/CosmoLabs-org/cosmo-smoke/internal/runner/runner.go:250.66,253.4 2 0
github.com/CosmoLabs-org/cosmo-smoke/internal/runner/runner.go:254.3,254.30 1 1
github.com/CosmoLabs-org/cosmo-smoke/internal/runner/runner.go:254.30,257.4 2 1
github.com/CosmoLabs-org/cosmo-smoke/internal/runner/runner.go:259.2,260.13 2 1
github.com/CosmoLabs-org/cosmo-smoke/internal/runner/runner.go:263.73,268.58 3 1
github.com/CosmoLabs-org/cosmo-smoke/internal/runner/runner.go:268.58,272.3 3 0
github.com/CosmoLabs-org/cosmo-smoke/internal/runner/runner.go:274.2,274.17 1 1
github.com/CosmoLabs-org/cosmo-smoke/internal/runner/runner.go:274.17,278.3 3 1
github.com/CosmoLabs-org/cosmo-smoke/internal/runner/runner.go:281.2,282.39 2 1
github.com/CosmoLabs-org/cosmo-smoke/internal/runner/runner.go:282.39,284.3 1 0
github.com/CosmoLabs-org/cosmo-smoke/internal/runner/runner.go:287.2,288.18 2 1
github.com/CosmoLabs-org/cosmo-smoke/internal/runner/runner.go:288.18,290.3 1 1
github.com/CosmoLabs-org/cosmo-smoke/internal/runner/runner.go:291.2,291.18 1 1
github.com/CosmoLabs-org/cosmo-smoke/internal/runner/runner.go:291.18,293.3 1 1
github.com/CosmoLabs-org/cosmo-smoke/internal/runner/runner.go:294.2,294.18 1 1
github.com/CosmoLabs-org/cosmo-smoke/internal/runner/runner.go:294.18,296.3 1 1
github.com/CosmoLabs-org/cosmo-smoke/internal/runner/runner.go:299.2,299.21 1 1
github.com/CosmoLabs-org/cosmo-smoke/internal/runner/runner.go:299.21,300.16 1 1
github.com/CosmoLabs-org/cosmo-smoke/internal/runner/runner.go:300.16,306.4 5 1
github.com/CosmoLabs-org/cosmo-smoke/internal/runner/runner.go:310.2,312.17 3 1
github.com/CosmoLabs-org/cosmo-smoke/internal/runner/runner.go:312.17,322.17 8 1
github.com/CosmoLabs-org/cosmo-smoke/internal/runner/runner.go:322.17,323.48 1 1
github.com/CosmoLabs-org/cosmo-smoke/internal/runner/runner.go:323.48,325.5 1 1
github.com/CosmoLabs-org/cosmo-smoke/internal/runner/runner.go:325.10,334.5 3 0
github.com/CosmoLabs-org/cosmo-smoke/internal/runner/runner.go:339.2,342.30 3 1
github.com/CosmoLabs-org/cosmo-smoke/internal/runner/runner.go:342.30,345.16 3 1
github.com/CosmoLabs-org/cosmo-smoke/internal/runner/runner.go:345.16,347.4 1 1
github.com/CosmoLabs-org/cosmo-smoke/internal/runner/runner.go:349.2,349.35 1 1
github.com/CosmoLabs-org/cosmo-smoke/internal/runner/runner.go:349.35,352.16 3 1
github.com/CosmoLabs-org/cosmo-smoke/internal/runner/runner.go:352.16,354.4 1 0
github.com/CosmoLabs-org/cosmo-smoke/internal/runner/runner.go:356.2,356.34 1 1
github.com/CosmoLabs-org/cosmo-smoke/internal/runner/runner.go:356.34,359.16 3 0
github.com/CosmoLabs-org/cosmo-smoke/internal/runner/runner.go:359.16,361.4 1 0
github.com/CosmoLabs-org/cosmo-smoke/internal/runner/runner.go:363.2,363.35 1 1
github.com/CosmoLabs-org/cosmo-smoke/internal/runner/runner.go:363.35,366.16 3 0
github.com/CosmoLabs-org/cosmo-smoke/internal/runner/runner.go:366.16,368.4 1 0
github.com/CosmoLabs-org/cosmo-smoke/internal/runner/runner.go:370.2,370.34 1 1
github.com/CosmoLabs-org/cosmo-smoke/internal/runner/runner.go:370.34,373.16 3 0
github.com/CosmoLabs-org/cosmo-smoke/internal/runner/runner.go:373.16,375.4 1 0
github.com/CosmoLabs-org/cosmo-smoke/internal/runner/runner.go:377.2,377.30 1 1
github.com/CosmoLabs-org/cosmo-smoke/internal/runner/runner.go:377.30,380.16 3 0
github.com/CosmoLabs-org/cosmo-smoke/internal/runner/runner.go:380.16,382.4 1 0
github.com/CosmoLabs-org/cosmo-smoke/internal/runner/runner.go:384.2,384.31 1 1
github.com/CosmoLabs-org/cosmo-smoke/internal/runner/runner.go:384.31,387.16 3 0
github.com/CosmoLabs-org/cosmo-smoke/internal/runner/runner.go:387.16,389.4 1 0
github.com/CosmoLabs-org/cosmo-smoke/internal/runner/runner.go:391.2,391.35 1 1
github.com/CosmoLabs-org/cosmo-smoke/internal/runner/runner.go:391.35,395.16 4 0
github.com/CosmoLabs-org/cosmo-smoke/internal/runner/runner.go:395.16,397.4 1 0
github.com/CosmoLabs-org/cosmo-smoke/internal/runner/runner.go:399.2,399.35 1 1
github.com/CosmoLabs-org/cosmo-smoke/internal/runner/runner.go:399.35,402.16 3 0
github.com/CosmoLabs-org/cosmo-smoke/internal/runner/runner.go:402.16,404.4 1 0
github.com/CosmoLabs-org/cosmo-smoke/internal/runner/runner.go:406.2,406.26 1 1
github.com/CosmoLabs-org/cosmo-smoke/internal/runner/runner.go:406.26,408.52 2 0
github.com/CosmoLabs-org/cosmo-smoke/internal/runner/runner.go:408.52,410.4 1 0
github.com/CosmoLabs-org/cosmo-smoke/internal/runner/runner.go:410.9,412.4 1 0
github.com/CosmoLabs-org/cosmo-smoke/internal/runner/runner.go:413.3,413.33 1 0
github.com/CosmoLabs-org/cosmo-smoke/internal/runner/runner.go:413.33,415.17 2 0
github.com/CosmoLabs-org/cosmo-smoke/internal/runner/runner.go:415.17,417.5 1 0
github.com/CosmoLabs-org/cosmo-smoke/internal/runner/runner.go:420.2,420.31 1 1
github.com/CosmoLabs-org/cosmo-smoke/internal/runner/runner.go:420.31,422.33 2 0
github.com/CosmoLabs-org/cosmo-smoke/internal/runner/runner.go:422.33,424.17 2 0
github.com/CosmoLabs-org/cosmo-smoke/internal/runner/runner.go:424.17,426.5 1 0
github.com/CosmoLabs-org/cosmo-smoke/internal/runner/runner.go:429.2,429.29 1 1
github.com/CosmoLabs-org/cosmo-smoke/internal/runner/runner.go:429.29,432.16 3 0
github.com/CosmoLabs-org/cosmo-smoke/internal/runner/runner.go:432.16,434.4 1 0
github.com/CosmoLabs-org/cosmo-smoke/internal/runner/runner.go:436.2,436.27 1 1
github.com/CosmoLabs-org/cosmo-smoke/internal/runner/runner.go:436.27,439.16 3 0
github.com/CosmoLabs-org/cosmo-smoke/internal/runner/runner.go:439.16,441.4 1 0
github.com/CosmoLabs-org/cosmo-smoke/internal/runner/runner.go:443.2,443.31 1 1
github.com/CosmoLabs-org/cosmo-smoke/internal/runner/runner.go:443.31,446.16 3 0
github.com/CosmoLabs-org/cosmo-smoke/internal/runner/runner.go:446.16,448.4 1 0
github.com/CosmoLabs-org/cosmo-smoke/internal/runner/runner.go:450.2,450.30 1 1
github.com/CosmoLabs-org/cosmo-smoke/internal/runner/runner.go:450.30,453.16 3 0
github.com/CosmoLabs-org/cosmo-smoke/internal/runner/runner.go:453.16,455.4 1 0
github.com/CosmoLabs-org/cosmo-smoke/internal/runner/runner.go:457.2,457.27 1 1
github.com/CosmoLabs-org/cosmo-smoke/internal/runner/runner.go:457.27,460.16 3 0
github.com/CosmoLabs-org/cosmo-smoke/internal/runner/runner.go:460.16,462.4 1 0
github.com/CosmoLabs-org/cosmo-smoke/internal/runner/runner.go:464.2,464.32 1 1
github.com/CosmoLabs-org/cosmo-smoke/internal/runner/runner.go:464.32,466.52 2 0
github.com/CosmoLabs-org/cosmo-smoke/internal/runner/runner.go:466.52,468.4 1 0
github.com/CosmoLabs-org/cosmo-smoke/internal/runner/runner.go:468.9,470.4 1 0
github.com/CosmoLabs-org/cosmo-smoke/internal/runner/runner.go:471.3,472.25 2 0
github.com/CosmoLabs-org/cosmo-smoke/internal/runner/runner.go:472.25,474.4 1 0
github.com/CosmoLabs-org/cosmo-smoke/internal/runner/runner.go:476.2,476.37 1 1
github.com/CosmoLabs-org/cosmo-smoke/internal/runner/runner.go:476.37,479.16 3 0
github.com/CosmoLabs-org/cosmo-smoke/internal/runner/runner.go:479.16,481.4 1 0
github.com/CosmoLabs-org/cosmo-smoke/internal/runner/runner.go:483.2,483.33 1 1
github.com/CosmoLabs-org/cosmo-smoke/internal/runner/runner.go:483.33,486.16 3 0
github.com/CosmoLabs-org/cosmo-smoke/internal/runner/runner.go:486.16,488.4 1 0
github.com/CosmoLabs-org/cosmo-smoke/internal/runner/runner.go:490.2,490.34 1 1
github.com/CosmoLabs-org/cosmo-smoke/internal/runner/runner.go:490.34,493.16 3 0
github.com/CosmoLabs-org/cosmo-smoke/internal/runner/runner.go:493.16,495.4 1 0
github.com/CosmoLabs-org/cosmo-smoke/internal/runner/runner.go:497.2,497.38 1 1
github.com/CosmoLabs-org/cosmo-smoke/internal/runner/runner.go:497.38,500.16 3 0
github.com/CosmoLabs-org/cosmo-smoke/internal/runner/runner.go:500.16,502.4 1 0
github.com/CosmoLabs-org/cosmo-smoke/internal/runner/runner.go:504.2,504.30 1 1
github.com/CosmoLabs-org/cosmo-smoke/internal/runner/runner.go:504.30,507.16 3 0
github.com/CosmoLabs-org/cosmo-smoke/internal/runner/runner.go:507.16,509.4 1 0
github.com/CosmoLabs-org/cosmo-smoke/internal/runner/runner.go:511.2,511.34 1 1
github.com/CosmoLabs-org/cosmo-smoke/internal/runner/runner.go:511.34,514.16 3 0
github.com/CosmoLabs-org/cosmo-smoke/internal/runner/runner.go:514.16,516.4 1 0
github.com/CosmoLabs-org/cosmo-smoke/internal/runner/runner.go:518.2,518.31 1 1
github.com/CosmoLabs-org/cosmo-smoke/internal/runner/runner.go:518.31,520.52 2 0
github.com/CosmoLabs-org/cosmo-smoke/internal/runner/runner.go:520.52,522.4 1 0
github.com/CosmoLabs-org/cosmo-smoke/internal/runner/runner.go:522.9,524.4 1 0
github.com/CosmoLabs-org/cosmo-smoke/internal/runner/runner.go:525.3,526.23 2 0
github.com/CosmoLabs-org/cosmo-smoke/internal/runner/runner.go:526.23,528.4 1 0
github.com/CosmoLabs-org/cosmo-smoke/internal/runner/runner.go:531.2,531.31 1 1
github.com/CosmoLabs-org/cosmo-smoke/internal/runner/runner.go:531.31,533.28 2 0
github.com/CosmoLabs-org/cosmo-smoke/internal/runner/runner.go:533.28,535.4 1 0
github.com/CosmoLabs-org/cosmo-smoke/internal/runner/runner.go:536.3,536.30 1 0
github.com/CosmoLabs-org/cosmo-smoke/internal/runner/runner.go:536.30,538.4 1 0
github.com/CosmoLabs-org/cosmo-smoke/internal/runner/runner.go:539.3,539.30 1 0
github.com/CosmoLabs-org/cosmo-smoke/internal/runner/runner.go:539.30,541.4 1 0
github.com/CosmoLabs-org/cosmo-smoke/internal/runner/runner.go:542.3,543.40 2 0
github.com/CosmoLabs-org/cosmo-smoke/internal/runner/runner.go:543.40,545.4 1 0
github.com/CosmoLabs-org/cosmo-smoke/internal/runner/runner.go:546.3,547.38 2 0
github.com/CosmoLabs-org/cosmo-smoke/internal/runner/runner.go:547.38,549.4 1 0
github.com/CosmoLabs-org/cosmo-smoke/internal/runner/runner.go:550.3,552.16 3 0
github.com/CosmoLabs-org/cosmo-smoke/internal/runner/runner.go:552.16,554.4 1 0
github.com/CosmoLabs-org/cosmo-smoke/internal/runner/runner.go:555.3,555.27 1 0
github.com/CosmoLabs-org/cosmo-smoke/internal/runner/runner.go:555.27,557.4 1 0
github.com/CosmoLabs-org/cosmo-smoke/internal/runner/runner.go:560.2,560.32 1 1
github.com/CosmoLabs-org/cosmo-smoke/internal/runner/runner.go:560.32,563.16 3 0
github.com/CosmoLabs-org/cosmo-smoke/internal/runner/runner.go:563.16,565.4 1 0
github.com/CosmoLabs-org/cosmo-smoke/internal/runner/runner.go:568.2,568.29 1 1
github.com/CosmoLabs-org/cosmo-smoke/internal/runner/runner.go:568.29,570.36 2 0
github.com/CosmoLabs-org/cosmo-smoke/internal/runner/runner.go:570.36,572.17 2 0
github.com/CosmoLabs-org/cosmo-smoke/internal/runner/runner.go:572.17,574.5 1 0
github.com/CosmoLabs-org/cosmo-smoke/internal/runner/runner.go:578.2,580.36 2 1
github.com/CosmoLabs-org/cosmo-smoke/internal/runner/runner.go:580.36,583.16 3 0
github.com/CosmoLabs-org/cosmo-smoke/internal/runner/runner.go:583.16,585.4 1 0
github.com/CosmoLabs-org/cosmo-smoke/internal/runner/runner.go:588.2,596.11 3 1
github.com/CosmoLabs-org/cosmo-smoke/internal/runner/runner.go:599.62,601.34 2 1
github.com/CosmoLabs-org/cosmo-smoke/internal/runner/runner.go:601.34,608.3 1 1
github.com/CosmoLabs-org/cosmo-smoke/internal/runner/runner.go:609.2,617.3 1 1
github.com/CosmoLabs-org/cosmo-smoke/internal/runner/runner.go:620.80,621.44 1 1
github.com/CosmoLabs-org/cosmo-smoke/internal/runner/runner.go:621.44,623.3 1 1
github.com/CosmoLabs-org/cosmo-smoke/internal/runner/runner.go:625.2,626.26 2 1
github.com/CosmoLabs-org/cosmo-smoke/internal/runner/runner.go:626.26,627.54 1 1
github.com/CosmoLabs-org/cosmo-smoke/internal/runner/runner.go:627.54,628.12 1 1
github.com/CosmoLabs-org/cosmo-smoke/internal/runner/runner.go:630.3,630.53 1 1
github.com/CosmoLabs-org/cosmo-smoke/internal/runner/runner.go:630.53,631.12 1 1
github.com/CosmoLabs-org/cosmo-smoke/internal/runner/runner.go:633.3,633.33 1 1
github.com/CosmoLabs-org/cosmo-smoke/internal/runner/runner.go:635.2,635.17 1 1
github.com/CosmoLabs-org/cosmo-smoke/internal/runner/runner.go:638.45,639.27 1 1
github.com/CosmoLabs-org/cosmo-smoke/internal/runner/runner.go:639.27,640.34 1 1
github.com/CosmoLabs-org/cosmo-smoke/internal/runner/runner.go:640.34,641.38 1 1
github.com/CosmoLabs-org/cosmo-smoke/internal/runner/runner.go:641.38,643.5 1 1
github.com/CosmoLabs-org/cosmo-smoke/internal/runner/runner.go:646.2,646.14 1 1
github.com/CosmoLabs-org/cosmo-smoke/internal/runner/runner.go:650.59,651.15 1 1
github.com/CosmoLabs-org/cosmo-smoke/internal/runner/runner.go:651.15,653.3 1 1
github.com/CosmoLabs-org/cosmo-smoke/internal/runner/runner.go:654.2,654.23 1 1
github.com/CosmoLabs-org/cosmo-smoke/internal/runner/runner.go:654.23,655.46 1 1
github.com/CosmoLabs-org/cosmo-smoke/internal/runner/runner.go:655.46,657.4 1 1
github.com/CosmoLabs-org/cosmo-smoke/internal/runner/runner.go:659.2,659.25 1 1
github.com/CosmoLabs-org/cosmo-smoke/internal/runner/runner.go:659.25,660.81 1 1
github.com/CosmoLabs-org/cosmo-smoke/internal/runner/runner.go:660.81,662.4 1 1
github.com/CosmoLabs-org/cosmo-smoke/internal/runner/runner.go:664.2,664.26 1 1
github.com/CosmoLabs-org/cosmo-smoke/internal/runner/runner.go:664.26,666.36 2 1
github.com/CosmoLabs-org/cosmo-smoke/internal/runner/runner.go:666.36,668.4 1 1
github.com/CosmoLabs-org/cosmo-smoke/internal/runner/runner.go:669.3,669.50 1 1
github.com/CosmoLabs-org/cosmo-smoke/internal/runner/runner.go:669.50,671.4 1 1
github.com/CosmoLabs-org/cosmo-smoke/internal/runner/runner.go:673.2,673.14 1 1
github.com/CosmoLabs-org/cosmo-smoke/internal/runner/runner.go:678.56,679.31 1 1
github.com/CosmoLabs-org/cosmo-smoke/internal/runner/runner.go:679.31,680.41 1 1
github.com/CosmoLabs-org/cosmo-smoke/internal/runner/runner.go:680.41,682.4 1 1
github.com/CosmoLabs-org/cosmo-smoke/internal/runner/runner.go:684.2,684.14 1 1
github.com/CosmoLabs-org/cosmo-smoke/internal/runner/trace.go:21.38,26.2 4 1
github.com/CosmoLabs-org/cosmo-smoke/internal/runner/trace.go:29.42,31.2 1 1
github.com/CosmoLabs-org/cosmo-smoke/internal/runner/trace.go:34.48,39.2 4 1
github.com/CosmoLabs-org/cosmo-smoke/internal/runner/trace.go:42.40,44.2 1 1
github.com/CosmoLabs-org/cosmo-smoke/internal/runner/trace.go:47.45,49.2 1 1
github.com/CosmoLabs-org/cosmo-smoke/internal/runner/trace_health.go:13.64,14.20 1 1
github.com/CosmoLabs-org/cosmo-smoke/internal/runner/trace_health.go:14.20,16.3 1 0
github.com/CosmoLabs-org/cosmo-smoke/internal/runner/trace_health.go:17.2,17.46 1 1
github.com/CosmoLabs-org/cosmo-smoke/internal/runner/trace_health.go:21.53,22.29 1 1
github.com/CosmoLabs-org/cosmo-smoke/internal/runner/trace_health.go:22.29,24.18 1 1
github.com/CosmoLabs-org/cosmo-smoke/internal/runner/trace_health.go:24.18,26.4 1 1
github.com/CosmoLabs-org/cosmo-smoke/internal/runner/trace_health.go:27.3,27.26 1 1
github.com/CosmoLabs-org/cosmo-smoke/internal/runner/trace_health.go:29.2,30.15 2 1
github.com/CosmoLabs-org/cosmo-smoke/internal/runner/trace_health.go:30.15,32.3 1 1
github.com/CosmoLabs-org/cosmo-smoke/internal/runner/trace_health.go:36.42,38.2 1 1
github.com/CosmoLabs-org/cosmo-smoke/internal/runner/trace_health.go:41.46,43.2 1 1
github.com/CosmoLabs-org/cosmo-smoke/internal/runner/trace_health.go:47.50,48.24 1 1
github.com/CosmoLabs-org/cosmo-smoke/internal/runner/trace_health.go:48.24,50.3 1 1
github.com/CosmoLabs-org/cosmo-smoke/internal/runner/trace_health.go:51.2,51.74 1 1
github.com/CosmoLabs-org/cosmo-smoke/internal/runner/trace_health.go:56.66,57.24 1 1
github.com/CosmoLabs-org/cosmo-smoke/internal/runner/trace_health.go:57.24,59.3 1 1
github.com/CosmoLabs-org/cosmo-smoke/internal/runner/trace_health.go:60.2,60.37 1 1
github.com/CosmoLabs-org/cosmo-smoke/internal/runner/trace_health.go:64.38,67.2 2 1
